This is XeTeX, Version 3.141592653-2.6-0.999998 (TeX Live 2026) (preloaded format=xelatex 2026.3.22)  10 JUL 2026 09:28
entering extended mode
 %&-line parsing enabled.
**_combined_manuscript.tex
(./_combined_manuscript.tex
LaTeX2e <2025-11-01>
L3 programming layer <2026-01-19>
(/usr/local/texlive/2026/texmf-dist/tex/latex/base/article.cls
Document Class: article 2025/01/22 v1.4n Standard LaTeX document class
(/usr/local/texlive/2026/texmf-dist/tex/latex/base/size10.clo
File: size10.clo 2025/01/22 v1.4n Standard LaTeX file (size option)
)
\c@part=\count271
\c@section=\count272
\c@subsection=\count273
\c@subsubsection=\count274
\c@paragraph=\count275
\c@subparagraph=\count276
\c@figure=\count277
\c@table=\count278
\abovecaptionskip=\skip49
\belowcaptionskip=\skip50
\bibindent=\dimen148
)
(/usr/local/texlive/2026/texmf-dist/tex/latex/xcolor/xcolor.sty
Package: xcolor 2024/09/29 v3.02 LaTeX color extensions (UK)

(/usr/local/texlive/2026/texmf-dist/tex/latex/graphics-cfg/color.cfg
File: color.cfg 2016/01/02 v1.6 sample color configuration
)
Package xcolor Info: Driver file: xetex.def on input line 274.

(/usr/local/texlive/2026/texmf-dist/tex/latex/graphics-def/xetex.def
File: xetex.def 2025/11/01 v5.0p Graphics/color driver for xetex
)
(/usr/local/texlive/2026/texmf-dist/tex/latex/graphics/mathcolor.ltx)
Package xcolor Info: Model `cmy' substituted by `cmy0' on input line 1349.
Package xcolor Info: Model `RGB' extended on input line 1365.
Package xcolor Info: Model `HTML' substituted by `rgb' on input line 1367.
Package xcolor Info: Model `Hsb' substituted by `hsb' on input line 1368.
Package xcolor Info: Model `tHsb' substituted by `hsb' on input line 1369.
Package xcolor Info: Model `HSB' substituted by `hsb' on input line 1370.
Package xcolor Info: Model `Gray' substituted by `gray' on input line 1371.
Package xcolor Info: Model `wave' substituted by `hsb' on input line 1372.
)
(/usr/local/texlive/2026/texmf-dist/tex/latex/amsmath/amsmath.sty
Package: amsmath 2025/07/09 v2.17z AMS math features
\@mathmargin=\skip51

For additional information on amsmath, use the `?' option.
(/usr/local/texlive/2026/texmf-dist/tex/latex/amsmath/amstext.sty
Package: amstext 2024/11/17 v2.01 AMS text

(/usr/local/texlive/2026/texmf-dist/tex/latex/amsmath/amsgen.sty
File: amsgen.sty 1999/11/30 v2.0 generic functions
\@emptytoks=\toks17
\ex@=\dimen149
))
(/usr/local/texlive/2026/texmf-dist/tex/latex/amsmath/amsbsy.sty
Package: amsbsy 1999/11/29 v1.2d Bold Symbols
\pmbraise@=\dimen150
)
(/usr/local/texlive/2026/texmf-dist/tex/latex/amsmath/amsopn.sty
Package: amsopn 2022/04/08 v2.04 operator names
)
\inf@bad=\count279
LaTeX Info: Redefining \frac on input line 233.
\uproot@=\count280
\leftroot@=\count281
LaTeX Info: Redefining \overline on input line 398.
LaTeX Info: Redefining \colon on input line 409.
\classnum@=\count282
\DOTSCASE@=\count283
LaTeX Info: Redefining \ldots on input line 495.
LaTeX Info: Redefining \dots on input line 498.
LaTeX Info: Redefining \cdots on input line 619.
\Mathstrutbox@=\box53
\strutbox@=\box54
LaTeX Info: Redefining \big on input line 721.
LaTeX Info: Redefining \Big on input line 722.
LaTeX Info: Redefining \bigg on input line 723.
LaTeX Info: Redefining \Bigg on input line 724.
\big@size=\dimen151
LaTeX Font Info:    Redeclaring font encoding OML on input line 742.
LaTeX Font Info:    Redeclaring font encoding OMS on input line 743.
\macc@depth=\count284
LaTeX Info: Redefining \bmod on input line 904.
LaTeX Info: Redefining \pmod on input line 909.
LaTeX Info: Redefining \smash on input line 939.
LaTeX Info: Redefining \relbar on input line 969.
LaTeX Info: Redefining \Relbar on input line 970.
\c@MaxMatrixCols=\count285
\dotsspace@=\muskip17
\c@parentequation=\count286
\dspbrk@lvl=\count287
\tag@help=\toks18
\row@=\count288
\column@=\count289
\maxfields@=\count290
\andhelp@=\toks19
\eqnshift@=\dimen152
\alignsep@=\dimen153
\tagshift@=\dimen154
\tagwidth@=\dimen155
\totwidth@=\dimen156
\lineht@=\dimen157
\@envbody=\toks20
\multlinegap=\skip52
\multlinetaggap=\skip53
\mathdisplay@stack=\toks21
LaTeX Info: Redefining \[ on input line 2950.
LaTeX Info: Redefining \] on input line 2951.
)
(/usr/local/texlive/2026/texmf-dist/tex/latex/amsfonts/amssymb.sty
Package: amssymb 2013/01/14 v3.01 AMS font symbols

(/usr/local/texlive/2026/texmf-dist/tex/latex/amsfonts/amsfonts.sty
Package: amsfonts 2013/01/14 v3.01 Basic AMSFonts support
\symAMSa=\mathgroup4
\symAMSb=\mathgroup5
LaTeX Font Info:    Redeclaring math symbol \hbar on input line 98.
LaTeX Font Info:    Overwriting math alphabet `\mathfrak' in version `bold'
(Font)                  U/euf/m/n --> U/euf/b/n on input line 106.
))
(/usr/local/texlive/2026/texmf-dist/tex/generic/iftex/iftex.sty
Package: iftex 2024/12/12 v1.0g TeX engine tests
)
(/usr/local/texlive/2026/texmf-dist/tex/latex/unicode-math/unicode-math.sty
(/usr/local/texlive/2026/texmf-dist/tex/latex/l3kernel/expl3.sty
Package: expl3 2026-01-19 L3 programming layer (loader) 

(/usr/local/texlive/2026/texmf-dist/tex/latex/l3backend/l3backend-xetex.def
File: l3backend-xetex.def 2025-10-09 L3 backend support: XeTeX
\g__graphics_track_int=\count291
\g__pdfannot_backend_int=\count292
\g__pdfannot_backend_link_int=\count293
))
Package: unicode-math 2023/08/13 v0.8r Unicode maths in XeLaTeX and LuaLaTeX

(/usr/local/texlive/2026/texmf-dist/tex/latex/unicode-math/unicode-math-xetex.s
ty
Package: unicode-math-xetex 2023/08/13 v0.8r Unicode maths in XeLaTeX and LuaLa
TeX
 (/usr/local/texlive/2026/texmf-dist/tex/latex/l3packages/xparse/xparse.sty
Package: xparse 2025-10-09 L3 Experimental document command parser
)
(/usr/local/texlive/2026/texmf-dist/tex/latex/l3packages/l3keys2e/l3keys2e.sty
Package: l3keys2e 2025-10-09 LaTeX2e option processing using LaTeX3 keys
) (/usr/local/texlive/2026/texmf-dist/tex/latex/fontspec/fontspec.sty
Package: fontspec 2025/09/29 v2.9g Font selection for XeLaTeX and LuaLaTeX

(/usr/local/texlive/2026/texmf-dist/tex/latex/fontspec/fontspec-xetex.sty
Package: fontspec-xetex 2025/09/29 v2.9g Font selection for XeLaTeX and LuaLaTe
X
\l__fontspec_script_int=\count294
\l__fontspec_language_int=\count295
\l__fontspec_strnum_int=\count296
\l__fontspec_tmp_int=\count297
\l__fontspec_tmpa_int=\count298
\l__fontspec_tmpb_int=\count299
\l__fontspec_tmpc_int=\count300
\l__fontspec_em_int=\count301
\l__fontspec_emdef_int=\count302
\l__fontspec_strong_int=\count303
\l__fontspec_strongdef_int=\count304
\l__fontspec_tmpa_dim=\dimen158
\l__fontspec_tmpb_dim=\dimen159
\l__fontspec_tmpc_dim=\dimen160

(/usr/local/texlive/2026/texmf-dist/tex/latex/base/fontenc.sty
Package: fontenc 2025/07/18 v2.1d Standard LaTeX package
)
(/usr/local/texlive/2026/texmf-dist/tex/latex/fontspec/fontspec.cfg)))
(/usr/local/texlive/2026/texmf-dist/tex/latex/base/fix-cm.sty
Package: fix-cm 2020/11/24 v1.1t fixes to LaTeX

(/usr/local/texlive/2026/texmf-dist/tex/latex/base/ts1enc.def
File: ts1enc.def 2001/06/05 v3.0e (jk/car/fm) Standard LaTeX file
LaTeX Font Info:    Redeclaring font encoding TS1 on input line 47.
LaTeX Encoding Info:    Redeclaring text command \capitalcedilla (encoding TS1)
 on input line 49.
LaTeX Encoding Info:    Redeclaring text command \capitalogonek (encoding TS1) 
on input line 52.
LaTeX Encoding Info:    Redeclaring text command \capitalgrave (encoding TS1) o
n input line 55.
LaTeX Encoding Info:    Redeclaring text command \capitalacute (encoding TS1) o
n input line 56.
LaTeX Encoding Info:    Redeclaring text command \capitalcircumflex (encoding T
S1) on input line 57.
LaTeX Encoding Info:    Redeclaring text command \capitaltilde (encoding TS1) o
n input line 58.
LaTeX Encoding Info:    Redeclaring text command \capitaldieresis (encoding TS1
) on input line 59.
LaTeX Encoding Info:    Redeclaring text command \capitalhungarumlaut (encoding
 TS1) on input line 60.
LaTeX Encoding Info:    Redeclaring text command \capitalring (encoding TS1) on
 input line 61.
LaTeX Encoding Info:    Redeclaring text command \capitalcaron (encoding TS1) o
n input line 62.
LaTeX Encoding Info:    Redeclaring text command \capitalbreve (encoding TS1) o
n input line 63.
LaTeX Encoding Info:    Redeclaring text command \capitalmacron (encoding TS1) 
on input line 64.
LaTeX Encoding Info:    Redeclaring text command \capitaldotaccent (encoding TS
1) on input line 65.
LaTeX Encoding Info:    Redeclaring text command \t (encoding TS1) on input lin
e 66.
LaTeX Encoding Info:    Redeclaring text command \capitaltie (encoding TS1) on 
input line 67.
LaTeX Encoding Info:    Redeclaring text command \newtie (encoding TS1) on inpu
t line 68.
LaTeX Encoding Info:    Redeclaring text command \capitalnewtie (encoding TS1) 
on input line 69.
LaTeX Encoding Info:    Redeclaring text symbol \textcapitalcompwordmark (encod
ing TS1) on input line 70.
LaTeX Encoding Info:    Redeclaring text symbol \textascendercompwordmark (enco
ding TS1) on input line 71.
LaTeX Encoding Info:    Redeclaring text symbol \textquotestraightbase (encodin
g TS1) on input line 72.
LaTeX Encoding Info:    Redeclaring text symbol \textquotestraightdblbase (enco
ding TS1) on input line 73.
LaTeX Encoding Info:    Redeclaring text symbol \texttwelveudash (encoding TS1)
 on input line 74.
LaTeX Encoding Info:    Redeclaring text symbol \textthreequartersemdash (encod
ing TS1) on input line 75.
LaTeX Encoding Info:    Redeclaring text symbol \textleftarrow (encoding TS1) o
n input line 76.
LaTeX Encoding Info:    Redeclaring text symbol \textrightarrow (encoding TS1) 
on input line 77.
LaTeX Encoding Info:    Redeclaring text symbol \textblank (encoding TS1) on in
put line 78.
LaTeX Encoding Info:    Redeclaring text symbol \textdollar (encoding TS1) on i
nput line 79.
LaTeX Encoding Info:    Redeclaring text symbol \textquotesingle (encoding TS1)
 on input line 80.
LaTeX Encoding Info:    Redeclaring text command \textasteriskcentered (encodin
g TS1) on input line 81.
LaTeX Encoding Info:    Redeclaring text symbol \textdblhyphen (encoding TS1) o
n input line 92.
LaTeX Encoding Info:    Redeclaring text symbol \textfractionsolidus (encoding 
TS1) on input line 93.
LaTeX Encoding Info:    Redeclaring text symbol \textzerooldstyle (encoding TS1
) on input line 94.
LaTeX Encoding Info:    Redeclaring text symbol \textoneoldstyle (encoding TS1)
 on input line 95.
LaTeX Encoding Info:    Redeclaring text symbol \texttwooldstyle (encoding TS1)
 on input line 96.
LaTeX Encoding Info:    Redeclaring text symbol \textthreeoldstyle (encoding TS
1) on input line 97.
LaTeX Encoding Info:    Redeclaring text symbol \textfouroldstyle (encoding TS1
) on input line 98.
LaTeX Encoding Info:    Redeclaring text symbol \textfiveoldstyle (encoding TS1
) on input line 99.
LaTeX Encoding Info:    Redeclaring text symbol \textsixoldstyle (encoding TS1)
 on input line 100.
LaTeX Encoding Info:    Redeclaring text symbol \textsevenoldstyle (encoding TS
1) on input line 101.
LaTeX Encoding Info:    Redeclaring text symbol \texteightoldstyle (encoding TS
1) on input line 102.
LaTeX Encoding Info:    Redeclaring text symbol \textnineoldstyle (encoding TS1
) on input line 103.
LaTeX Encoding Info:    Redeclaring text symbol \textlangle (encoding TS1) on i
nput line 104.
LaTeX Encoding Info:    Redeclaring text symbol \textminus (encoding TS1) on in
put line 105.
LaTeX Encoding Info:    Redeclaring text symbol \textrangle (encoding TS1) on i
nput line 106.
LaTeX Encoding Info:    Redeclaring text symbol \textmho (encoding TS1) on inpu
t line 107.
LaTeX Encoding Info:    Redeclaring text symbol \textbigcircle (encoding TS1) o
n input line 108.
LaTeX Encoding Info:    Redeclaring text command \textcircled (encoding TS1) on
 input line 109.
LaTeX Encoding Info:    Redeclaring text symbol \textohm (encoding TS1) on inpu
t line 115.
LaTeX Encoding Info:    Redeclaring text symbol \textlbrackdbl (encoding TS1) o
n input line 116.
LaTeX Encoding Info:    Redeclaring text symbol \textrbrackdbl (encoding TS1) o
n input line 117.
LaTeX Encoding Info:    Redeclaring text symbol \textuparrow (encoding TS1) on 
input line 118.
LaTeX Encoding Info:    Redeclaring text symbol \textdownarrow (encoding TS1) o
n input line 119.
LaTeX Encoding Info:    Redeclaring text symbol \textasciigrave (encoding TS1) 
on input line 120.
LaTeX Encoding Info:    Redeclaring text symbol \textborn (encoding TS1) on inp
ut line 121.
LaTeX Encoding Info:    Redeclaring text symbol \textdivorced (encoding TS1) on
 input line 122.
LaTeX Encoding Info:    Redeclaring text symbol \textdied (encoding TS1) on inp
ut line 123.
LaTeX Encoding Info:    Redeclaring text symbol \textleaf (encoding TS1) on inp
ut line 124.
LaTeX Encoding Info:    Redeclaring text symbol \textmarried (encoding TS1) on 
input line 125.
LaTeX Encoding Info:    Redeclaring text symbol \textmusicalnote (encoding TS1)
 on input line 126.
LaTeX Encoding Info:    Redeclaring text symbol \texttildelow (encoding TS1) on
 input line 127.
LaTeX Encoding Info:    Redeclaring text symbol \textdblhyphenchar (encoding TS
1) on input line 128.
LaTeX Encoding Info:    Redeclaring text symbol \textasciibreve (encoding TS1) 
on input line 129.
LaTeX Encoding Info:    Redeclaring text symbol \textasciicaron (encoding TS1) 
on input line 130.
LaTeX Encoding Info:    Redeclaring text symbol \textacutedbl (encoding TS1) on
 input line 131.
LaTeX Encoding Info:    Redeclaring text symbol \textgravedbl (encoding TS1) on
 input line 132.
LaTeX Encoding Info:    Redeclaring text symbol \textdagger (encoding TS1) on i
nput line 133.
LaTeX Encoding Info:    Redeclaring text symbol \textdaggerdbl (encoding TS1) o
n input line 134.
LaTeX Encoding Info:    Redeclaring text symbol \textbardbl (encoding TS1) on i
nput line 135.
LaTeX Encoding Info:    Redeclaring text symbol \textperthousand (encoding TS1)
 on input line 136.
LaTeX Encoding Info:    Redeclaring text symbol \textbullet (encoding TS1) on i
nput line 137.
LaTeX Encoding Info:    Redeclaring text symbol \textcelsius (encoding TS1) on 
input line 138.
LaTeX Encoding Info:    Redeclaring text symbol \textdollaroldstyle (encoding T
S1) on input line 139.
LaTeX Encoding Info:    Redeclaring text symbol \textcentoldstyle (encoding TS1
) on input line 140.
LaTeX Encoding Info:    Redeclaring text symbol \textflorin (encoding TS1) on i
nput line 141.
LaTeX Encoding Info:    Redeclaring text symbol \textcolonmonetary (encoding TS
1) on input line 142.
LaTeX Encoding Info:    Redeclaring text symbol \textwon (encoding TS1) on inpu
t line 143.
LaTeX Encoding Info:    Redeclaring text symbol \textnaira (encoding TS1) on in
put line 144.
LaTeX Encoding Info:    Redeclaring text symbol \textguarani (encoding TS1) on 
input line 145.
LaTeX Encoding Info:    Redeclaring text symbol \textpeso (encoding TS1) on inp
ut line 146.
LaTeX Encoding Info:    Redeclaring text symbol \textlira (encoding TS1) on inp
ut line 147.
LaTeX Encoding Info:    Redeclaring text symbol \textrecipe (encoding TS1) on i
nput line 148.
LaTeX Encoding Info:    Redeclaring text symbol \textinterrobang (encoding TS1)
 on input line 149.
LaTeX Encoding Info:    Redeclaring text symbol \textinterrobangdown (encoding 
TS1) on input line 150.
LaTeX Encoding Info:    Redeclaring text symbol \textdong (encoding TS1) on inp
ut line 151.
LaTeX Encoding Info:    Redeclaring text symbol \texttrademark (encoding TS1) o
n input line 152.
LaTeX Encoding Info:    Redeclaring text symbol \textpertenthousand (encoding T
S1) on input line 153.
LaTeX Encoding Info:    Redeclaring text symbol \textpilcrow (encoding TS1) on 
input line 154.
LaTeX Encoding Info:    Redeclaring text symbol \textbaht (encoding TS1) on inp
ut line 155.
LaTeX Encoding Info:    Redeclaring text symbol \textnumero (encoding TS1) on i
nput line 156.
LaTeX Encoding Info:    Redeclaring text symbol \textdiscount (encoding TS1) on
 input line 157.
LaTeX Encoding Info:    Redeclaring text symbol \textestimated (encoding TS1) o
n input line 158.
LaTeX Encoding Info:    Redeclaring text symbol \textopenbullet (encoding TS1) 
on input line 159.
LaTeX Encoding Info:    Redeclaring text symbol \textservicemark (encoding TS1)
 on input line 160.
LaTeX Encoding Info:    Redeclaring text symbol \textlquill (encoding TS1) on i
nput line 161.
LaTeX Encoding Info:    Redeclaring text symbol \textrquill (encoding TS1) on i
nput line 162.
LaTeX Encoding Info:    Redeclaring text symbol \textcent (encoding TS1) on inp
ut line 163.
LaTeX Encoding Info:    Redeclaring text symbol \textsterling (encoding TS1) on
 input line 164.
LaTeX Encoding Info:    Redeclaring text symbol \textcurrency (encoding TS1) on
 input line 165.
LaTeX Encoding Info:    Redeclaring text symbol \textyen (encoding TS1) on inpu
t line 166.
LaTeX Encoding Info:    Redeclaring text symbol \textbrokenbar (encoding TS1) o
n input line 167.
LaTeX Encoding Info:    Redeclaring text symbol \textsection (encoding TS1) on 
input line 168.
LaTeX Encoding Info:    Redeclaring text symbol \textasciidieresis (encoding TS
1) on input line 169.
LaTeX Encoding Info:    Redeclaring text symbol \textcopyright (encoding TS1) o
n input line 170.
LaTeX Encoding Info:    Redeclaring text symbol \textordfeminine (encoding TS1)
 on input line 171.
LaTeX Encoding Info:    Redeclaring text symbol \textcopyleft (encoding TS1) on
 input line 172.
LaTeX Encoding Info:    Redeclaring text symbol \textlnot (encoding TS1) on inp
ut line 173.
LaTeX Encoding Info:    Redeclaring text symbol \textcircledP (encoding TS1) on
 input line 174.
LaTeX Encoding Info:    Redeclaring text symbol \textregistered (encoding TS1) 
on input line 175.
LaTeX Encoding Info:    Redeclaring text symbol \textasciimacron (encoding TS1)
 on input line 176.
LaTeX Encoding Info:    Redeclaring text symbol \textdegree (encoding TS1) on i
nput line 177.
LaTeX Encoding Info:    Redeclaring text symbol \textpm (encoding TS1) on input
 line 178.
LaTeX Encoding Info:    Redeclaring text symbol \texttwosuperior (encoding TS1)
 on input line 179.
LaTeX Encoding Info:    Redeclaring text symbol \textthreesuperior (encoding TS
1) on input line 180.
LaTeX Encoding Info:    Redeclaring text symbol \textasciiacute (encoding TS1) 
on input line 181.
LaTeX Encoding Info:    Redeclaring text symbol \textmu (encoding TS1) on input
 line 182.
LaTeX Encoding Info:    Redeclaring text symbol \textparagraph (encoding TS1) o
n input line 183.
LaTeX Encoding Info:    Redeclaring text symbol \textperiodcentered (encoding T
S1) on input line 184.
LaTeX Encoding Info:    Redeclaring text symbol \textreferencemark (encoding TS
1) on input line 185.
LaTeX Encoding Info:    Redeclaring text symbol \textonesuperior (encoding TS1)
 on input line 186.
LaTeX Encoding Info:    Redeclaring text symbol \textordmasculine (encoding TS1
) on input line 187.
LaTeX Encoding Info:    Redeclaring text symbol \textsurd (encoding TS1) on inp
ut line 188.
LaTeX Encoding Info:    Redeclaring text symbol \textonequarter (encoding TS1) 
on input line 189.
LaTeX Encoding Info:    Redeclaring text symbol \textonehalf (encoding TS1) on 
input line 190.
LaTeX Encoding Info:    Redeclaring text symbol \textthreequarters (encoding TS
1) on input line 191.
LaTeX Encoding Info:    Redeclaring text symbol \texteuro (encoding TS1) on inp
ut line 192.
LaTeX Encoding Info:    Redeclaring text symbol \texttimes (encoding TS1) on in
put line 193.
LaTeX Encoding Info:    Redeclaring text symbol \textdiv (encoding TS1) on inpu
t line 194.
))
\g__um_fam_int=\count305
\g__um_fonts_used_int=\count306
\l__um_primecount_int=\count307
\g__um_primekern_muskip=\muskip18

(/usr/local/texlive/2026/texmf-dist/tex/latex/unicode-math/unicode-math-table.t
ex))) (/usr/local/texlive/2026/texmf-dist/tex/latex/upquote/upquote.sty
Package: upquote 2012/04/19 v1.3 upright-quote and grave-accent glyphs in verba
tim

(/usr/local/texlive/2026/texmf-dist/tex/latex/base/textcomp.sty
Package: textcomp 2024/04/24 v2.1b Standard LaTeX package
))
(/usr/local/texlive/2026/texmf-dist/tex/latex/microtype/microtype.sty
Package: microtype 2026/03/01 v3.2d Micro-typographical refinements (RS)

(/usr/local/texlive/2026/texmf-dist/tex/latex/graphics/keyval.sty
Package: keyval 2022/05/29 v1.15 key=value parser (DPC)
\KV@toks@=\toks22
)
(/usr/local/texlive/2026/texmf-dist/tex/latex/etoolbox/etoolbox.sty
Package: etoolbox 2025/10/02 v2.5m e-TeX tools for LaTeX (JAW)
\etb@tempcnta=\count308
)
\MT@toks=\toks23
\MT@tempbox=\box55
\MT@count=\count309
LaTeX Info: Redefining \noprotrusionifhmode on input line 1084.
LaTeX Info: Redefining \leftprotrusion on input line 1085.
\MT@prot@toks=\toks24
LaTeX Info: Redefining \rightprotrusion on input line 1104.
LaTeX Info: Redefining \textls on input line 1449.
\MT@outer@kern=\dimen161
LaTeX Info: Redefining \microtypecontext on input line 2053.
LaTeX Info: Redefining \textmicrotypecontext on input line 2070.
\MT@listname@count=\count310

(/usr/local/texlive/2026/texmf-dist/tex/latex/microtype/microtype-xetex.def
File: microtype-xetex.def 2026/03/01 v3.2d Definitions specific to xetex (RS)
LaTeX Info: Redefining \lsstyle on input line 443.
LaTeX Info: Redefining \lslig on input line 451.
\MT@outer@space=\skip54
)
Package microtype Info: Loading configuration file microtype.cfg.

(/usr/local/texlive/2026/texmf-dist/tex/latex/microtype/microtype.cfg
File: microtype.cfg 2026/03/01 v3.2d microtype main configuration file (RS)
)
LaTeX Info: Redefining \microtypesetup on input line 3065.
)
(/usr/local/texlive/2026/texmf-dist/tex/latex/parskip/parskip.sty
Package: parskip 2021-03-14 v2.0h non-zero parskip adjustments

(/usr/local/texlive/2026/texmf-dist/tex/latex/kvoptions/kvoptions.sty
Package: kvoptions 2022-06-15 v3.15 Key value format for package options (HO)

(/usr/local/texlive/2026/texmf-dist/tex/generic/ltxcmds/ltxcmds.sty
Package: ltxcmds 2023-12-04 v1.26 LaTeX kernel commands for general use (HO)
)
(/usr/local/texlive/2026/texmf-dist/tex/latex/kvsetkeys/kvsetkeys.sty
Package: kvsetkeys 2022-10-05 v1.19 Key value parser (HO)
)))
(/usr/local/texlive/2026/texmf-dist/tex/latex/fancyvrb/fancyvrb.sty
Package: fancyvrb 2025/07/28 4.6 verbatim text (tvz,hv)
\FV@CodeLineNo=\count311
\FV@InFile=\read2
\FV@TabBox=\box56
\c@FancyVerbLine=\count312
\FV@StepNumber=\count313
\FV@OutFile=\write3
)
(/usr/local/texlive/2026/texmf-dist/tex/latex/tools/longtable.sty
Package: longtable 2025-10-13 v4.24 Multi-page Table package (DPC)
\LTleft=\skip55
\LTright=\skip56
\LTpre=\skip57
\LTpost=\skip58
\LTchunksize=\count314
\LTcapwidth=\dimen162
\LT@head=\box57
\LT@firsthead=\box58
\LT@foot=\box59
\LT@lastfoot=\box60
\LT@gbox=\box61
\LT@cols=\count315
\LT@rows=\count316
\c@LT@tables=\count317
\c@LT@chunks=\count318
\LT@p@ftn=\toks25
)
(/usr/local/texlive/2026/texmf-dist/tex/latex/booktabs/booktabs.sty
Package: booktabs 2020/01/12 v1.61803398 Publication quality tables
\heavyrulewidth=\dimen163
\lightrulewidth=\dimen164
\cmidrulewidth=\dimen165
\belowrulesep=\dimen166
\belowbottomsep=\dimen167
\aboverulesep=\dimen168
\abovetopsep=\dimen169
\cmidrulesep=\dimen170
\cmidrulekern=\dimen171
\defaultaddspace=\dimen172
\@cmidla=\count319
\@cmidlb=\count320
\@aboverulesep=\dimen173
\@belowrulesep=\dimen174
\@thisruleclass=\count321
\@lastruleclass=\count322
\@thisrulewidth=\dimen175
)
(/usr/local/texlive/2026/texmf-dist/tex/latex/tools/array.sty
Package: array 2025/09/25 v2.6n Tabular extension package (FMi)
\col@sep=\dimen176
\ar@mcellbox=\box62
\extrarowheight=\dimen177
\NC@list=\toks26
\extratabsurround=\skip59
\backup@length=\skip60
\ar@cellbox=\box63
)
\c@none=\count323

(/usr/local/texlive/2026/texmf-dist/tex/latex/tools/calc.sty
Package: calc 2025/03/01 v4.3b Infix arithmetic (KKT,FJ)
\calc@Acount=\count324
\calc@Bcount=\count325
\calc@Adimen=\dimen178
\calc@Bdimen=\dimen179
\calc@Askip=\skip61
\calc@Bskip=\skip62
LaTeX Info: Redefining \setlength on input line 86.
LaTeX Info: Redefining \addtolength on input line 87.
\calc@Ccount=\count326
\calc@Cskip=\skip63
)
(/usr/local/texlive/2026/texmf-dist/tex/latex/footnotehyper/footnotehyper.sty
Package: footnotehyper 2025/11/15 v1.1f hyperref aware footnote.sty (JFB)
\FNH@notes=\box64
\FNH@width=\dimen180
\FNH@toks=\toks27
)
(/usr/local/texlive/2026/texmf-dist/tex/latex/graphics/graphicx.sty
Package: graphicx 2024/12/31 v1.2e Enhanced LaTeX Graphics (DPC,SPQR)

(/usr/local/texlive/2026/texmf-dist/tex/latex/graphics/graphics.sty
Package: graphics 2024/08/06 v1.4g Standard LaTeX Graphics (DPC,SPQR)

(/usr/local/texlive/2026/texmf-dist/tex/latex/graphics/trig.sty
Package: trig 2023/12/02 v1.11 sin cos tan (DPC)
)
(/usr/local/texlive/2026/texmf-dist/tex/latex/graphics-cfg/graphics.cfg
File: graphics.cfg 2016/06/04 v1.11 sample graphics configuration
)
Package graphics Info: Driver file: xetex.def on input line 106.
)
\Gin@req@height=\dimen181
\Gin@req@width=\dimen182
)
\pandoc@box=\box65

(/usr/local/texlive/2026/texmf-dist/tex/generic/babel/babel.sty
Package: babel 2026/03/08 v26.4 The multilingual framework for LuaLaTeX, pdfLaT
eX and XeLaTeX
\babel@savecnt=\count327
LaTeX Encoding Info:    Redeclaring text command \ij (encoding OT1) on input li
ne 2078.
LaTeX Encoding Info:    Redeclaring text command \IJ (encoding OT1) on input li
ne 2080.
LaTeX Encoding Info:    Redeclaring text command \ij (encoding T1) on input lin
e 2082.
LaTeX Encoding Info:    Redeclaring text command \IJ (encoding T1) on input lin
e 2083.
LaTeX Encoding Info:    Ignoring declaration for text command \ij (encoding ?) 
on input line 2084.
LaTeX Encoding Info:    Ignoring declaration for text command \IJ (encoding ?) 
on input line 2086.
LaTeX Encoding Info:    Ignoring declaration for text command \SS (encoding ?) 
on input line 2111.
\U@D=\dimen183
\l@unhyphenated=\language91

(/usr/local/texlive/2026/texmf-dist/tex/generic/babel/xebabel.def)
\bbl@readstream=\read3
\bbl@dirlevel=\count328

(/usr/local/texlive/2026/texmf-dist/tex/generic/babel/locale/en/babel-english.t
ex)
Package babel Info: Importing font and identification data for english
(babel)             from babel-en.ini. Reported on input line 4330.
 (/usr/local/texlive/2026/texmf-dist/tex/generic/babel-english/english.ldf
Language: english 2017/06/06 v3.3r English support from the babel system
Package babel Info: Hyphen rules for 'canadian' set to \l@english
(babel)             (\language0). Reported on input line 102.
Package babel Info: Hyphen rules for 'australian' set to \l@ukenglish
(babel)             (\language22). Reported on input line 105.
Package babel Info: Hyphen rules for 'newzealand' set to \l@ukenglish
(babel)             (\language22). Reported on input line 108.
)) (/usr/local/texlive/2026/texmf-dist/tex/latex/natbib/natbib.sty
Package: natbib 2010/09/13 8.31b (PWD, AO)
\bibhang=\skip64
\bibsep=\skip65
LaTeX Info: Redefining \cite on input line 694.
\c@NAT@ctr=\count329
)
(/usr/local/texlive/2026/texmf-dist/tex/latex/caption/subcaption.sty
Package: subcaption 2023/07/28 v1.6b Sub-captions (AR)

(/usr/local/texlive/2026/texmf-dist/tex/latex/caption/caption.sty
Package: caption 2023/08/05 v3.6o Customizing captions (AR)

(/usr/local/texlive/2026/texmf-dist/tex/latex/caption/caption3.sty
Package: caption3 2023/07/31 v2.4d caption3 kernel (AR)
\caption@tempdima=\dimen184
\captionmargin=\dimen185
\caption@leftmargin=\dimen186
\caption@rightmargin=\dimen187
\caption@width=\dimen188
\caption@indent=\dimen189
\caption@parindent=\dimen190
\caption@hangindent=\dimen191
Package caption Info: Standard document class detected.
)
\c@caption@flags=\count330
\c@continuedfloat=\count331
Package caption Info: longtable package is loaded.

(/usr/local/texlive/2026/texmf-dist/tex/latex/caption/ltcaption.sty
Package: ltcaption 2021/01/08 v1.4c longtable captions (AR)
))
Package caption Info: New subtype `subfigure' on input line 238.
\c@subfigure=\count332
Package caption Info: New subtype `subtable' on input line 238.
\c@subtable=\count333
)
\c@pandoccrossref@subfigures@footnote@counter=\count334

(/usr/local/texlive/2026/texmf-dist/tex/latex/float/float.sty
Package: float 2001/11/08 v1.3d Float enhancements (AL)
\c@float@type=\count335
\float@exts=\toks28
\float@box=\box66
\@float@everytoks=\toks29
\@floatcapt=\box67
)
\@float@every@codelisting=\toks30
\c@codelisting=\count336

(/usr/local/texlive/2026/texmf-dist/tex/latex/bookmark/bookmark.sty
Package: bookmark 2023-12-10 v1.31 PDF bookmarks (HO)

(/usr/local/texlive/2026/texmf-dist/tex/latex/hyperref/hyperref.sty
Package: hyperref 2026-01-29 v7.01p Hypertext links for LaTeX

(/usr/local/texlive/2026/texmf-dist/tex/generic/kvdefinekeys/kvdefinekeys.sty
Package: kvdefinekeys 2019-12-19 v1.6 Define keys (HO)
)
(/usr/local/texlive/2026/texmf-dist/tex/generic/pdfescape/pdfescape.sty
Package: pdfescape 2019/12/09 v1.15 Implements pdfTeX's escape features (HO)

(/usr/local/texlive/2026/texmf-dist/tex/generic/pdftexcmds/pdftexcmds.sty
Package: pdftexcmds 2020-06-27 v0.33 Utility functions of pdfTeX for LuaTeX (HO
)

(/usr/local/texlive/2026/texmf-dist/tex/generic/infwarerr/infwarerr.sty
Package: infwarerr 2019/12/03 v1.5 Providing info/warning/error messages (HO)
)
Package pdftexcmds Info: \pdf@primitive is available.
Package pdftexcmds Info: \pdf@ifprimitive is available.
Package pdftexcmds Info: \pdfdraftmode not found.
))
(/usr/local/texlive/2026/texmf-dist/tex/latex/hycolor/hycolor.sty
Package: hycolor 2020-01-27 v1.10 Color options for hyperref/bookmark (HO)
)
(/usr/local/texlive/2026/texmf-dist/tex/latex/hyperref/nameref.sty
Package: nameref 2026-01-29 v2.58 Cross-referencing by name of section

(/usr/local/texlive/2026/texmf-dist/tex/latex/refcount/refcount.sty
Package: refcount 2019/12/15 v3.6 Data extraction from label references (HO)
)
(/usr/local/texlive/2026/texmf-dist/tex/generic/gettitlestring/gettitlestring.s
ty
Package: gettitlestring 2019/12/15 v1.6 Cleanup title references (HO)
)
\c@section@level=\count337
) (/usr/local/texlive/2026/texmf-dist/tex/generic/stringenc/stringenc.sty
Package: stringenc 2019/11/29 v1.12 Convert strings between diff. encodings (HO
)
)
\@linkdim=\dimen192
\Hy@linkcounter=\count338
\Hy@pagecounter=\count339

(/usr/local/texlive/2026/texmf-dist/tex/latex/hyperref/pd1enc.def
File: pd1enc.def 2026-01-29 v7.01p Hyperref: PDFDocEncoding definition (HO)
)
(/usr/local/texlive/2026/texmf-dist/tex/generic/intcalc/intcalc.sty
Package: intcalc 2019/12/15 v1.3 Expandable calculations with integers (HO)
)
\Hy@SavedSpaceFactor=\count340

(/usr/local/texlive/2026/texmf-dist/tex/latex/hyperref/puenc.def
File: puenc.def 2026-01-29 v7.01p Hyperref: PDF Unicode definition (HO)
)
Package hyperref Info: Option `unicode' set `true' on input line 4072.
Package hyperref Info: Hyper figures OFF on input line 4201.
Package hyperref Info: Link nesting OFF on input line 4206.
Package hyperref Info: Hyper index ON on input line 4209.
Package hyperref Info: Plain pages OFF on input line 4216.
Package hyperref Info: Backreferencing OFF on input line 4221.
Package hyperref Info: Implicit mode ON; LaTeX internals redefined.
Package hyperref Info: Bookmarks ON on input line 4468.
\c@Hy@tempcnt=\count341

(/usr/local/texlive/2026/texmf-dist/tex/latex/url/url.sty
\Urlmuskip=\muskip19
Package: url 2013/09/16  ver 3.4  Verb mode for urls, etc.
)
LaTeX Info: Redefining \url on input line 4807.
\XeTeXLinkMargin=\dimen193

(/usr/local/texlive/2026/texmf-dist/tex/generic/bitset/bitset.sty
Package: bitset 2019/12/09 v1.3 Handle bit-vector datatype (HO)

(/usr/local/texlive/2026/texmf-dist/tex/generic/bigintcalc/bigintcalc.sty
Package: bigintcalc 2019/12/15 v1.5 Expandable calculations on big integers (HO
)
))
\Fld@menulength=\count342
\Field@Width=\dimen194
\Fld@charsize=\dimen195
Package hyperref Info: Hyper figures OFF on input line 6084.
Package hyperref Info: Link nesting OFF on input line 6089.
Package hyperref Info: Hyper index ON on input line 6092.
Package hyperref Info: backreferencing OFF on input line 6099.
Package hyperref Info: Link coloring OFF on input line 6104.
Package hyperref Info: Link coloring with OCG OFF on input line 6109.
Package hyperref Info: PDF/A mode OFF on input line 6114.
\Hy@abspage=\count343
\c@Item=\count344
\c@Hfootnote=\count345
)
Package hyperref Info: Driver (autodetected): hxetex.

(/usr/local/texlive/2026/texmf-dist/tex/latex/hyperref/hxetex.def
File: hxetex.def 2026-01-29 v7.01p Hyperref driver for XeTeX
\pdfm@box=\box68
\c@Hy@AnnotLevel=\count346
\HyField@AnnotCount=\count347
\Fld@listcount=\count348
\c@bookmark@seq@number=\count349

(/usr/local/texlive/2026/texmf-dist/tex/latex/rerunfilecheck/rerunfilecheck.sty
Package: rerunfilecheck 2025-06-21 v1.11 Rerun checks for auxiliary files (HO)

(/usr/local/texlive/2026/texmf-dist/tex/generic/uniquecounter/uniquecounter.sty
Package: uniquecounter 2019/12/15 v1.4 Provide unlimited unique counter (HO)
)
Package uniquecounter Info: New unique counter `rerunfilecheck' on input line 2
84.
)
\Hy@SectionHShift=\skip66
) (/usr/local/texlive/2026/texmf-dist/tex/latex/bookmark/bkm-dvipdfm.def
File: bkm-dvipdfm.def 2023-12-10 v1.31 bookmark driver for dvipdfm (HO)
\BKM@id=\count350
))
(/usr/local/texlive/2026/texmf-dist/tex/latex/xurl/xurl.sty
Package: xurl 2022/01/09 v 0.10 modify URL breaks
)
Package hyperref Info: Option `colorlinks' set `true' on input line 163.

(/usr/local/texlive/2026/texmf-dist/tex/latex/seqsplit/seqsplit.sty
Package: seqsplit 2006/08/07 v0.1 Splitting long sequences (DNA, RNA, proteins,
 etc.) 
)
(/usr/local/texlive/2026/texmf-dist/tex/latex/geometry/geometry.sty
Package: geometry 2026/03/07 v6.0 Page Geometry

(/usr/local/texlive/2026/texmf-dist/tex/generic/iftex/ifvtex.sty
Package: ifvtex 2019/10/25 v1.7 ifvtex legacy package. Use iftex instead.
)
\Gm@cnth=\count351
\Gm@cntv=\count352
\c@Gm@tempcnt=\count353
\Gm@bindingoffset=\dimen196
\Gm@wd@mp=\dimen197
\Gm@odd@mp=\dimen198
\Gm@even@mp=\dimen199
\Gm@layoutwidth=\dimen256
\Gm@layoutheight=\dimen257
\Gm@layouthoffset=\dimen258
\Gm@layoutvoffset=\dimen259
\Gm@dimlist=\toks31
)
(/usr/local/texlive/2026/texmf-dist/tex/latex/cleveref/cleveref.sty
Package: cleveref 2018/03/27 v0.21.4 Intelligent cross-referencing
Package cleveref Info: `hyperref' support loaded on input line 2370.
LaTeX Info: Redefining \cref on input line 2370.
LaTeX Info: Redefining \Cref on input line 2370.
LaTeX Info: Redefining \crefrange on input line 2370.
LaTeX Info: Redefining \Crefrange on input line 2370.
LaTeX Info: Redefining \cpageref on input line 2370.
LaTeX Info: Redefining \Cpageref on input line 2370.
LaTeX Info: Redefining \cpagerefrange on input line 2370.
LaTeX Info: Redefining \Cpagerefrange on input line 2370.
LaTeX Info: Redefining \labelcref on input line 2370.
LaTeX Info: Redefining \labelcpageref on input line 2370.
)
==> First Aid for cleveref.sty applied!
(/usr/local/texlive/2026/texmf-dist/tex/latex/listings/listings.sty
\lst@mode=\count354
\lst@gtempboxa=\box69
\lst@token=\toks32
\lst@length=\count355
\lst@currlwidth=\dimen260
\lst@column=\count356
\lst@pos=\count357
\lst@lostspace=\dimen261
\lst@width=\dimen262
\lst@newlines=\count358
\lst@lineno=\count359
\lst@maxwidth=\dimen263

(/usr/local/texlive/2026/texmf-dist/tex/latex/listings/lstpatch.sty
File: lstpatch.sty 2025/11/14 1.11b (Carsten Heinz)
)
(/usr/local/texlive/2026/texmf-dist/tex/latex/listings/lstmisc.sty
File: lstmisc.sty 2025/11/14 1.11b (Carsten Heinz)
\c@lstnumber=\count360
\lst@skipnumbers=\count361
\lst@framebox=\box70
)
(/usr/local/texlive/2026/texmf-dist/tex/latex/listings/listings.cfg
File: listings.cfg 2025/11/14 1.11b listings configuration
))
Package: listings 2025/11/14 1.11b (Carsten Heinz)

==> First Aid for listings.sty no longer applied!
    Expected:
        2024/09/23 1.10c (Carsten Heinz)
    but found:
        2025/11/14 1.11b (Carsten Heinz)
    so I'm assuming it got fixed.
Package hyperref Info: Option `colorlinks' set `true' on input line 188.
(./_combined_manuscript.aux)
\openout1 = `_combined_manuscript.aux'.

LaTeX Font Info:    Checking defaults for OML/cmm/m/it on input line 190.
LaTeX Font Info:    ... okay on input line 190.
LaTeX Font Info:    Checking defaults for OMS/cmsy/m/n on input line 190.
LaTeX Font Info:    ... okay on input line 190.
LaTeX Font Info:    Checking defaults for OT1/cmr/m/n on input line 190.
LaTeX Font Info:    ... okay on input line 190.
LaTeX Font Info:    Checking defaults for T1/cmr/m/n on input line 190.
LaTeX Font Info:    ... okay on input line 190.
LaTeX Font Info:    Checking defaults for TS1/cmr/m/n on input line 190.
LaTeX Font Info:    ... okay on input line 190.
LaTeX Font Info:    Checking defaults for TU/lmr/m/n on input line 190.
LaTeX Font Info:    ... okay on input line 190.
LaTeX Font Info:    Checking defaults for OMX/cmex/m/n on input line 190.
LaTeX Font Info:    ... okay on input line 190.
LaTeX Font Info:    Checking defaults for U/cmr/m/n on input line 190.
LaTeX Font Info:    ... okay on input line 190.
LaTeX Font Info:    Checking defaults for PD1/pdf/m/n on input line 190.
LaTeX Font Info:    ... okay on input line 190.
LaTeX Font Info:    Checking defaults for PU/pdf/m/n on input line 190.
LaTeX Font Info:    ... okay on input line 190.
LaTeX Font Info:    Overwriting math alphabet `\mathrm' in version `normal'
(Font)                  OT1/cmr/m/n --> TU/lmr/m/n on input line 190.
LaTeX Font Info:    Overwriting math alphabet `\mathit' in version `normal'
(Font)                  OT1/cmr/m/it --> TU/lmr/m/it on input line 190.
LaTeX Font Info:    Overwriting math alphabet `\mathbf' in version `normal'
(Font)                  OT1/cmr/bx/n --> TU/lmr/bx/n on input line 190.
LaTeX Font Info:    Overwriting math alphabet `\mathsf' in version `normal'
(Font)                  OT1/cmss/m/n --> TU/lmss/m/n on input line 190.
LaTeX Font Info:    Overwriting math alphabet `\mathsf' in version `bold'
(Font)                  OT1/cmss/bx/n --> TU/lmss/bx/n on input line 190.
LaTeX Font Info:    Overwriting math alphabet `\mathtt' in version `normal'
(Font)                  OT1/cmtt/m/n --> TU/lmtt/m/n on input line 190.
LaTeX Font Info:    Overwriting math alphabet `\mathtt' in version `bold'
(Font)                  OT1/cmtt/m/n --> TU/lmtt/bx/n on input line 190.

Package fontspec Info: 
(fontspec)             latinmodern-math scale = 0.9999964596882403.


Package fontspec Info: 
(fontspec)             latinmodern-math scale = 0.9999964596882403.


Package fontspec Info: 
(fontspec)             latinmodern-math scale = 0.9999964596882403.


Package fontspec Info: 
(fontspec)             Font family 'latinmodern-math.otf(0)' created for font
(fontspec)             'latinmodern-math.otf' with options
(fontspec)             [Scale=MatchLowercase,BoldItalicFont={},ItalicFont={},Sm
allCapsFont={},Script=Math,BoldFont={latinmodern-math.otf}].
(fontspec)              
(fontspec)              This font family consists of the following NFSS
(fontspec)             series/shapes:
(fontspec)              
(fontspec)             - 'normal' (m/n) with NFSS spec.:
(fontspec)             <->s*[0.9999964596882403]"[latinmodern-math.otf]/OT:scri
pt=math;language=dflt;"
(fontspec)             - 'bold' (b/n) with NFSS spec.:
(fontspec)             <->s*[0.9999964596882403]"[latinmodern-math.otf]/OT:scri
pt=math;language=dflt;"

LaTeX Font Info:    Font shape `TU/latinmodern-math.otf(0)/m/n' will be
(Font)              scaled to size 10.0pt on input line 190.

Package fontspec Info: 
(fontspec)             latinmodern-math scale = 0.9999964596882403.


Package fontspec Info: 
(fontspec)             latinmodern-math scale = 0.9999964596882403.


Package fontspec Info: 
(fontspec)             latinmodern-math scale = 0.9999964596882403.


Package fontspec Info: 
(fontspec)             latinmodern-math scale = 0.9999964596882403.


Package fontspec Info: 
(fontspec)             latinmodern-math scale = 0.9999964596882403.


Package fontspec Info: 
(fontspec)             Font family 'latinmodern-math.otf(1)' created for font
(fontspec)             'latinmodern-math.otf' with options
(fontspec)             [Scale=MatchLowercase,BoldItalicFont={},ItalicFont={},Sm
allCapsFont={},Script=Math,SizeFeatures={{Size=8.5-},{Size=6-8.5,Font=latinmode
rn-math.otf,Style=MathScript},{Size=-6,Font=latinmodern-math.otf,Style=MathScri
ptScript}},BoldFont={latinmodern-math.otf}].
(fontspec)              
(fontspec)              This font family consists of the following NFSS
(fontspec)             series/shapes:
(fontspec)              
(fontspec)             - 'normal' (m/n) with NFSS spec.:
(fontspec)             <8.5->s*[0.9999964596882403]"[latinmodern-math.otf]/OT:s
cript=math;language=dflt;"<6-8.5>s*[0.9999964596882403]"[latinmodern-math.otf]/
OT:script=math;language=dflt;+ssty=0;"<-6>s*[0.9999964596882403]"[latinmodern-m
ath.otf]/OT:script=math;language=dflt;+ssty=1;"
(fontspec)             - 'bold' (b/n) with NFSS spec.:
(fontspec)             <->s*[0.9999964596882403]"[latinmodern-math.otf]/OT:scri
pt=math;language=dflt;"

LaTeX Font Info:    Font shape `TU/latinmodern-math.otf(1)/m/n' will be
(Font)              scaled to size 10.0pt on input line 190.
LaTeX Font Info:    Encoding `OT1' has changed to `TU' for symbol font
(Font)              `operators' in the math version `normal' on input line 190.

LaTeX Font Info:    Overwriting symbol font `operators' in version `normal'
(Font)                  OT1/cmr/m/n --> TU/latinmodern-math.otf(1)/m/n on input
 line 190.
LaTeX Font Info:    Encoding `OT1' has changed to `TU' for symbol font
(Font)              `operators' in the math version `bold' on input line 190.
LaTeX Font Info:    Overwriting symbol font `operators' in version `bold'
(Font)                  OT1/cmr/bx/n --> TU/latinmodern-math.otf(1)/b/n on inpu
t line 190.

Package fontspec Info: 
(fontspec)             latinmodern-math scale = 0.9999964596882403.


Package fontspec Info: 
(fontspec)             latinmodern-math scale = 1.000096459334209.


Package fontspec Info: 
(fontspec)             latinmodern-math scale = 0.9999964596882403.


Package fontspec Info: 
(fontspec)             latinmodern-math scale = 1.000096459334209.


Package fontspec Info: 
(fontspec)             latinmodern-math scale = 0.9999964596882403.


Package fontspec Info: 
(fontspec)             latinmodern-math scale = 1.000096459334209.


Package fontspec Info: 
(fontspec)             latinmodern-math scale = 0.9999964596882403.


Package fontspec Info: 
(fontspec)             latinmodern-math scale = 1.000096459334209.


Package fontspec Info: 
(fontspec)             latinmodern-math scale = 0.9999964596882403.


Package fontspec Info: 
(fontspec)             latinmodern-math scale = 1.000096459334209.


Package fontspec Info: 
(fontspec)             Font family 'latinmodern-math.otf(2)' created for font
(fontspec)             'latinmodern-math.otf' with options
(fontspec)             [Scale=MatchLowercase,BoldItalicFont={},ItalicFont={},Sm
allCapsFont={},Script=Math,SizeFeatures={{Size=8.5-},{Size=6-8.5,Font=latinmode
rn-math.otf,Style=MathScript},{Size=-6,Font=latinmodern-math.otf,Style=MathScri
ptScript}},BoldFont={latinmodern-math.otf},ScaleAgain=1.0001,FontAdjustment={\f
ontdimen
(fontspec)             8\font =6.77pt\relax \fontdimen 9\font =3.94pt\relax
(fontspec)             \fontdimen 10\font =4.44pt\relax \fontdimen 11\font
(fontspec)             =6.86pt\relax \fontdimen 12\font =3.45pt\relax
(fontspec)             \fontdimen 13\font =3.63pt\relax \fontdimen 14\font
(fontspec)             =3.63pt\relax \fontdimen 15\font =2.89pt\relax
(fontspec)             \fontdimen 16\font =2.47pt\relax \fontdimen 17\font
(fontspec)             =2.47pt\relax \fontdimen 18\font =2.5pt\relax
(fontspec)             \fontdimen 19\font =2.0pt\relax \fontdimen 22\font
(fontspec)             =2.5pt\relax \fontdimen 20\font =0pt\relax \fontdimen
(fontspec)             21\font =0pt\relax }].
(fontspec)              
(fontspec)              This font family consists of the following NFSS
(fontspec)             series/shapes:
(fontspec)              
(fontspec)             - 'normal' (m/n) with NFSS spec.:
(fontspec)             <8.5->s*[1.000096459334209]"[latinmodern-math.otf]/OT:sc
ript=math;language=dflt;"<6-8.5>s*[1.000096459334209]"[latinmodern-math.otf]/OT
:script=math;language=dflt;+ssty=0;"<-6>s*[1.000096459334209]"[latinmodern-math
.otf]/OT:script=math;language=dflt;+ssty=1;"
(fontspec)             - 'bold' (b/n) with NFSS spec.:
(fontspec)             <->s*[1.000096459334209]"[latinmodern-math.otf]/OT:scrip
t=math;language=dflt;"

LaTeX Font Info:    Encoding `OMS' has changed to `TU' for symbol font
(Font)              `symbols' in the math version `normal' on input line 190.
LaTeX Font Info:    Overwriting symbol font `symbols' in version `normal'
(Font)                  OMS/cmsy/m/n --> TU/latinmodern-math.otf(2)/m/n on inpu
t line 190.
LaTeX Font Info:    Encoding `OMS' has changed to `TU' for symbol font
(Font)              `symbols' in the math version `bold' on input line 190.
LaTeX Font Info:    Overwriting symbol font `symbols' in version `bold'
(Font)                  OMS/cmsy/b/n --> TU/latinmodern-math.otf(2)/b/n on inpu
t line 190.

Package fontspec Info: 
(fontspec)             latinmodern-math scale = 0.9999964596882403.


Package fontspec Info: 
(fontspec)             latinmodern-math scale = 0.9998964600422715.


Package fontspec Info: 
(fontspec)             latinmodern-math scale = 0.9999964596882403.


Package fontspec Info: 
(fontspec)             latinmodern-math scale = 0.9998964600422715.


Package fontspec Info: 
(fontspec)             latinmodern-math scale = 0.9999964596882403.


Package fontspec Info: 
(fontspec)             latinmodern-math scale = 0.9998964600422715.


Package fontspec Info: 
(fontspec)             latinmodern-math scale = 0.9999964596882403.


Package fontspec Info: 
(fontspec)             latinmodern-math scale = 0.9998964600422715.


Package fontspec Info: 
(fontspec)             latinmodern-math scale = 0.9999964596882403.


Package fontspec Info: 
(fontspec)             latinmodern-math scale = 0.9998964600422715.


Package fontspec Info: 
(fontspec)             Font family 'latinmodern-math.otf(3)' created for font
(fontspec)             'latinmodern-math.otf' with options
(fontspec)             [Scale=MatchLowercase,BoldItalicFont={},ItalicFont={},Sm
allCapsFont={},Script=Math,SizeFeatures={{Size=8.5-},{Size=6-8.5,Font=latinmode
rn-math.otf,Style=MathScript},{Size=-6,Font=latinmodern-math.otf,Style=MathScri
ptScript}},BoldFont={latinmodern-math.otf},ScaleAgain=0.9999,FontAdjustment={\f
ontdimen
(fontspec)             8\font =0.4pt\relax \fontdimen 9\font =2.0pt\relax
(fontspec)             \fontdimen 10\font =1.67pt\relax \fontdimen 11\font
(fontspec)             =1.11pt\relax \fontdimen 12\font =6.0pt\relax
(fontspec)             \fontdimen 13\font =0pt\relax }].
(fontspec)              
(fontspec)              This font family consists of the following NFSS
(fontspec)             series/shapes:
(fontspec)              
(fontspec)             - 'normal' (m/n) with NFSS spec.:
(fontspec)             <8.5->s*[0.9998964600422715]"[latinmodern-math.otf]/OT:s
cript=math;language=dflt;"<6-8.5>s*[0.9998964600422715]"[latinmodern-math.otf]/
OT:script=math;language=dflt;+ssty=0;"<-6>s*[0.9998964600422715]"[latinmodern-m
ath.otf]/OT:script=math;language=dflt;+ssty=1;"
(fontspec)             - 'bold' (b/n) with NFSS spec.:
(fontspec)             <->s*[0.9998964600422715]"[latinmodern-math.otf]/OT:scri
pt=math;language=dflt;"

LaTeX Font Info:    Encoding `OMX' has changed to `TU' for symbol font
(Font)              `largesymbols' in the math version `normal' on input line 1
90.
LaTeX Font Info:    Overwriting symbol font `largesymbols' in version `normal'
(Font)                  OMX/cmex/m/n --> TU/latinmodern-math.otf(3)/m/n on inpu
t line 190.
LaTeX Font Info:    Encoding `OMX' has changed to `TU' for symbol font
(Font)              `largesymbols' in the math version `bold' on input line 190
.
LaTeX Font Info:    Overwriting symbol font `largesymbols' in version `bold'
(Font)                  OMX/cmex/m/n --> TU/latinmodern-math.otf(3)/b/n on inpu
t line 190.
LaTeX Info: Redefining \microtypecontext on input line 190.
Package microtype Info: Applying patch `item' on input line 190.
Package microtype Info: Applying patch `toc' on input line 190.
Package microtype Info: Applying patch `eqnum' on input line 190.
Package microtype Info: Applying patch `footnote' on input line 190.
Package microtype Info: Applying patch `verbatim' on input line 190.
LaTeX Info: Redefining \microtypesetup on input line 190.
Package microtype Info: Character protrusion enabled (level 2).
Package microtype Info: Using protrusion set `basicmath'.
Package microtype Info: No adjustment of tracking.
Package microtype Info: No adjustment of spacing.
Package microtype Info: No adjustment of kerning.

(/usr/local/texlive/2026/texmf-dist/tex/latex/microtype/mt-LatinModernRoman.cfg
File: mt-LatinModernRoman.cfg 2026/02/26 v1.2 microtype config. file: Latin Mod
ern Roman (RS)
)
Package footnotehyper Info: Using the \@makefntext{} approach (see doc).
(footnotehyper)    In case of dysfunctional footnote environments, you can
(footnotehyper)    try sending the author a small illustrative document.
(footnotehyper)    To turn off this message, add \footnotehyperwarnfalse
(footnotehyper)    to the preamble.
Package caption Info: Begin \AtBeginDocument code.
Package caption Info: float package is loaded.
Package caption Info: hyperref package is loaded.
Package caption Info: listings package is loaded.
Package caption Info: End \AtBeginDocument code.
Package hyperref Info: Link coloring ON on input line 190.

*geometry* driver: auto-detecting
*geometry* detected driver: xetex
*geometry* verbose mode - [ preamble ] result:
* driver: xetex
* paper: <default>
* layout: <same size as paper>
* layoutoffset:(h,v)=(0.0pt,0.0pt)
* modes: 
* h-part:(L,W,R)=(72.26999pt, 469.75502pt, 72.26999pt)
* v-part:(T,H,B)=(72.26999pt, 650.43001pt, 72.26999pt)
* \paperwidth=614.295pt
* \paperheight=794.96999pt
* \textwidth=469.75502pt
* \textheight=650.43001pt
* \oddsidemargin=0.0pt
* \evensidemargin=0.0pt
* \topmargin=-37.0pt
* \headheight=12.0pt
* \headsep=25.0pt
* \topskip=10.0pt
* \footskip=30.0pt
* \marginparwidth=65.0pt
* \marginparsep=11.0pt
* \columnsep=10.0pt
* \skip\footins=9.0pt plus 4.0pt minus 2.0pt
* \hoffset=0.0pt
* \voffset=0.0pt
* \mag=1000
* \@twocolumnfalse
* \@twosidefalse
* \@mparswitchfalse
* \@reversemarginfalse
* (1in=72.27pt=25.4mm, 1cm=28.453pt)

\c@lstlisting=\count362
[1

] (./_combined_manuscript.toc
Package cleveref Info: loaded `english' language definitions on input line 1.
LaTeX Font Info:    Font shape `TU/latinmodern-math.otf(1)/m/n' will be
(Font)              scaled to size 7.0pt on input line 5.
LaTeX Font Info:    Font shape `TU/latinmodern-math.otf(1)/m/n' will be
(Font)              scaled to size 5.0pt on input line 5.
LaTeX Font Info:    Font shape `TU/latinmodern-math.otf(2)/m/n' will be
(Font)              scaled to size 10.00092pt on input line 5.
LaTeX Font Info:    Font shape `TU/latinmodern-math.otf(2)/m/n' will be
(Font)              scaled to size 7.00064pt on input line 5.
LaTeX Font Info:    Font shape `TU/latinmodern-math.otf(2)/m/n' will be
(Font)              scaled to size 5.00046pt on input line 5.
LaTeX Font Info:    Font shape `TU/latinmodern-math.otf(3)/m/n' will be
(Font)              scaled to size 9.99893pt on input line 5.
LaTeX Font Info:    Font shape `TU/latinmodern-math.otf(3)/m/n' will be
(Font)              scaled to size 6.99925pt on input line 5.
LaTeX Font Info:    Font shape `TU/latinmodern-math.otf(3)/m/n' will be
(Font)              scaled to size 4.99947pt on input line 5.
LaTeX Font Info:    Trying to load font information for U+msa on input line 5.

(/usr/local/texlive/2026/texmf-dist/tex/latex/amsfonts/umsa.fd
File: umsa.fd 2013/01/14 v3.01 AMS symbols A
)
(/usr/local/texlive/2026/texmf-dist/tex/latex/microtype/mt-msa.cfg
File: mt-msa.cfg 2006/02/04 v1.1 microtype config. file: AMS symbols (a) (RS)
)
LaTeX Font Info:    Trying to load font information for U+msb on input line 5.

(/usr/local/texlive/2026/texmf-dist/tex/latex/amsfonts/umsb.fd
File: umsb.fd 2013/01/14 v3.01 AMS symbols B
)
(/usr/local/texlive/2026/texmf-dist/tex/latex/microtype/mt-msb.cfg
File: mt-msb.cfg 2005/06/01 v1.0 microtype config. file: AMS symbols (b) (RS)
))
\tf@toc=\write4
\openout4 = `_combined_manuscript.toc'.

 [1]
[2] [3]
Underfull \hbox (badness 1533) in paragraph at lines 443--448
[]\TU/lmtt/m/n/10 AbstractFetcher \TU/lmr/m/n/10 — currently fetches arXiv abst
racts via the export API, writes them to
 []

[4] [5]
File: ../figures/papers_per_source.png Graphic file (type bmp)
<../figures/papers_per_source.png>
File: ../figures/year_histogram.png Graphic file (type bmp)
<../figures/year_histogram.png>
File: ../figures/score_distribution.png Graphic file (type bmp)
<../figures/score_distribution.png>
 [6] [7] [8] [9]
LaTeX Font Info:    Font shape `TU/lmtt/bx/n' in size <10> not available
(Font)              Font shape `TU/lmtt/b/n' tried instead on input line 808.
 [10]
File: ../figures/mermaid_inline/inline_mermaid_0001_d3ead0e9d850.png Graphic fi
le (type bmp)
<../figures/mermaid_inline/inline_mermaid_0001_d3ead0e9d850.png>

Underfull \hbox (badness 10000) in paragraph at lines 886--889
[]\TU/lmtt/m/n/10 ../figures/{papers_per_source,year_histogram,score_distributi
on}.png \TU/lmr/m/n/10 — diagnostic
 []

[11]
File: ../figures/mermaid_inline/inline_mermaid_0002_99a3f6d43208.png Graphic fi
le (type bmp)
<../figures/mermaid_inline/inline_mermaid_0002_99a3f6d43208.png>
 [12]
ignored: Infinite glue shrinkage found in box being split [13] [14]
File: ../figures/mermaid_inline/inline_mermaid_0003_80a863d1871e.png Graphic fi
le (type bmp)
<../figures/mermaid_inline/inline_mermaid_0003_80a863d1871e.png>
 [15] [16]
File: ../figures/mermaid_inline/inline_mermaid_0004_7fdb10e9eb30.png Graphic fi
le (type bmp)
<../figures/mermaid_inline/inline_mermaid_0004_7fdb10e9eb30.png>
 [17] [18]
Overfull \hbox (34.97742pt too wide) in paragraph at lines 1417--1420
\TU/lmr/m/n/10 10.1017/cbo9780511804441.005 
 []


Overfull \hbox (34.87741pt too wide) in paragraph at lines 1420--1423
\TU/lmr/m/n/10 10.1017/cbo9780511804441.004 
 []


Overfull \hbox (18.66742pt too wide) in paragraph at lines 1426--1429
\TU/lmr/m/n/10 10.1561/9781638280538.ch1 
 []


Overfull \hbox (19.69742pt too wide) in paragraph at lines 1429--1432
\TU/lmr/m/n/10 10.1017/9781108699211.006 
 []


Overfull \hbox (19.69742pt too wide) in paragraph at lines 1433--1435
\TU/lmr/m/n/10 10.1017/9781108699211.015 
 []


Overfull \hbox (34.97742pt too wide) in paragraph at lines 1444--1447
\TU/lmr/m/n/10 10.1017/cbo9780511804441.003 
 []


Overfull \hbox (19.44742pt too wide) in paragraph at lines 1456--1459
\TU/lmr/m/n/10 10.1515/9783110361629.117 
 []


Overfull \hbox (19.69742pt too wide) in paragraph at lines 1483--1486
\TU/lmr/m/n/10 10.1017/9781009510561.012 
 []


Overfull \hbox (21.91742pt too wide) in paragraph at lines 1492--1495
\TU/lmr/m/n/10 10.1080/02331930500096270 
 []


Overfull \hbox (18.94742pt too wide) in paragraph at lines 1496--1498
\TU/lmr/m/n/10 10.1017/9781009510561.021 
 []


Overfull \hbox (34.97742pt too wide) in paragraph at lines 1502--1504
\TU/lmr/m/n/10 10.1017/cbo9780511804458.002 
 []


Overfull \hbox (3.82742pt too wide) in paragraph at lines 1515--1518
\TU/lmr/m/n/10 10.1515/9780691200316- 
 []


Overfull \hbox (14.69742pt too wide) in paragraph at lines 1518--1521
\TU/lmr/m/n/10 10.1515/9783110361629.30 
 []


Overfull \hbox (19.69742pt too wide) in paragraph at lines 1521--1524
\TU/lmr/m/n/10 10.1017/9781108980647.012 
 []


Overfull \hbox (3.82742pt too wide) in paragraph at lines 1524--1527
\TU/lmr/m/n/10 10.1201/9781315366920- 
 []


Overfull \hbox (19.59741pt too wide) in paragraph at lines 1534--1536
\TU/lmr/m/n/10 10.1017/9781009510561.024 
 []


Overfull \hbox (19.41742pt too wide) in paragraph at lines 1536--1539
\TU/lmr/m/n/10 10.1002/9781119804093.ch3 
 []


Overfull \hbox (19.69742pt too wide) in paragraph at lines 1546--1548
\TU/lmr/m/n/10 10.1017/9781108377447.033 
 []


Overfull \hbox (34.22742pt too wide) in paragraph at lines 1551--1554
\TU/lmr/m/n/10 10.1017/cbo9780511804441.001 
 []


Overfull \hbox (19.69742pt too wide) in paragraph at lines 1554--1557
\TU/lmr/m/n/10 10.1017/9781009510561.003 
 []


Overfull \hbox (19.41742pt too wide) in paragraph at lines 1557--1560
\TU/lmr/m/n/10 10.1002/9781119804093.ch2 
 []


Overfull \hbox (34.97742pt too wide) in paragraph at lines 1563--1566
\TU/lmr/m/n/10 10.1017/cbo9780511804441.002 
 []


Overfull \hbox (21.91742pt too wide) in paragraph at lines 1568--1570
\TU/lmr/m/n/10 10.1080/02331939908844436 
 []


Overfull \hbox (19.69742pt too wide) in paragraph at lines 1571--1573
\TU/lmr/m/n/10 10.1017/9781009510561.013 
 []


Overfull \hbox (34.97742pt too wide) in paragraph at lines 1577--1580
\TU/lmr/m/n/10 10.1017/cbo9780511804441.016 
 []


Overfull \hbox (19.69742pt too wide) in paragraph at lines 1587--1589
\TU/lmr/m/n/10 10.1017/9781009510561.020 
 []


Overfull \hbox (19.69742pt too wide) in paragraph at lines 1593--1595
\TU/lmr/m/n/10 10.1017/9781009510561.023 
 []


Overfull \hbox (19.69742pt too wide) in paragraph at lines 1596--1598
\TU/lmr/m/n/10 10.1017/9781009510561.015 
 []


Overfull \hbox (22.07742pt too wide) in paragraph at lines 1599--1602
\TU/lmr/m/n/10 10.1016/j.disopt.2014.12.001 
 []


Overfull \hbox (23.89743pt too wide) in paragraph at lines 1603--1605
\TU/lmr/m/n/10 ton/9780691197296.001.0001 
 []


Overfull \hbox (9.69742pt too wide) in paragraph at lines 1610--1612
\TU/lmr/m/n/10 10.1023/a:1021792726715 
 []


Overfull \hbox (34.97742pt too wide) in paragraph at lines 1615--1618
\TU/lmr/m/n/10 10.1017/cbo9780511804441.010 
 []


Overfull \hbox (9.69742pt too wide) in paragraph at lines 1619--1621
\TU/lmr/m/n/10 10.1023/a:1017532225395 
 []


Overfull \hbox (34.97742pt too wide) in paragraph at lines 1621--1624
\TU/lmr/m/n/10 10.1017/cbo9780511804441.008 
 []


Overfull \hbox (34.97742pt too wide) in paragraph at lines 1624--1627
\TU/lmr/m/n/10 10.1017/cbo9780511804441.013 
 []


Overfull \hbox (34.97742pt too wide) in paragraph at lines 1627--1630
\TU/lmr/m/n/10 10.1017/cbo9780511804441.009 
 []


Overfull \hbox (19.69742pt too wide) in paragraph at lines 1634--1636
\TU/lmr/m/n/10 10.1017/9781009510561.025 
 []


Overfull \hbox (61.41742pt too wide) in paragraph at lines 1636--1639
\TU/lmr/m/n/10 10.1093/oso/9780195100563.003.0006 
 []


Overfull \hbox (34.97742pt too wide) in paragraph at lines 1640--1642
\TU/lmr/m/n/10 10.1017/cbo9780511804458.010 
 []


Overfull \hbox (19.31741pt too wide) in paragraph at lines 1646--1648
\TU/lmr/m/n/10 10.1002/9781119804093.ch4 
 []


Overfull \hbox (9.59741pt too wide) in paragraph at lines 1648--1651
\TU/lmr/m/n/10 10.2478/9783110426045.4 
 []


Overfull \hbox (19.69742pt too wide) in paragraph at lines 1651--1654
\TU/lmr/m/n/10 10.1017/9781009493512.006 
 []


Overfull \hbox (19.69742pt too wide) in paragraph at lines 1655--1657
\TU/lmr/m/n/10 10.1017/9781009510561.009 
 []


Overfull \hbox (21.91742pt too wide) in paragraph at lines 1658--1660
\TU/lmr/m/n/10 10.1080/02331939208843789 
 []


Overfull \hbox (18.94742pt too wide) in paragraph at lines 1663--1666
\TU/lmr/m/n/10 10.1017/9781009428095.021 
 []


Overfull \hbox (34.22742pt too wide) in paragraph at lines 1674--1676
\TU/lmr/m/n/10 10.1017/cbo9780511804441.011 
 []


Overfull \hbox (34.72742pt too wide) in paragraph at lines 1676--1679
\TU/lmr/m/n/10 10.1017/cbo9780511804441.007 
 []


Overfull \hbox (37.47742pt too wide) in paragraph at lines 1684--1686
\TU/lmr/m/n/10 10.1080/02331934.2024.2388200 
 []


Overfull \hbox (34.97742pt too wide) in paragraph at lines 1692--1695
\TU/lmr/m/n/10 10.1017/cbo9780511804441.006 
 []


Overfull \hbox (34.97742pt too wide) in paragraph at lines 1695--1698
\TU/lmr/m/n/10 10.1017/cbo9781139924672.002 
 []


Overfull \hbox (34.97742pt too wide) in paragraph at lines 1705--1708
\TU/lmr/m/n/10 10.1017/cbo9781139924672.003 
 []


Overfull \hbox (34.22742pt too wide) in paragraph at lines 1708--1710
\TU/lmr/m/n/10 10.1017/cbo9781139924672.001 
 []


Overfull \hbox (34.72742pt too wide) in paragraph at lines 1714--1717
\TU/lmr/m/n/10 10.1017/cbo9781139924672.007 
 []


ignored: Infinite glue shrinkage found in box being split [19]
ignored: Infinite glue shrinkage fo
und in box being split [20]
ignored: Infinite glue shrinkage found in box being split [21
]
ignored: Infinite glue shrinkage found in box being split [22]
ignored: Infinite glue shrinkage f
ound in box being split [23]
ignored: Infinite glue shrinkage found in box being split [2
4]
Overfull \hbox (40.16742pt too wide) in paragraph at lines 1753--1756
\TU/lmr/m/n/10 10.7490/f1000research.1115776.1 
 []


Overfull \hbox (41.14742pt too wide) in paragraph at lines 1759--1762
\TU/lmr/m/n/10 10.32614/cran.package.coxphsgd 
 []


Overfull \hbox (34.97742pt too wide) in paragraph at lines 1771--1774
\TU/lmr/m/n/10 10.1017/cbo9781107298019.015 
 []


Overfull \hbox (53.22742pt too wide) in paragraph at lines 1775--1775
[]|\TU/lmr/m/n/10 10.1117/12.2305101.5783306294001|  
 []


Overfull \hbox (51.72742pt too wide) in paragraph at lines 1775--1778
\TU/lmr/m/n/10 10.1117/12.2305101.5783306294001 
 []


Overfull \hbox (53.22742pt too wide) in paragraph at lines 1782--1782
[]|\TU/lmr/m/n/10 10.1117/12.2512817.6013939792001|  
 []


Overfull \hbox (51.72742pt too wide) in paragraph at lines 1782--1785
\TU/lmr/m/n/10 10.1117/12.2512817.6013939792001 
 []


Overfull \hbox (53.22742pt too wide) in paragraph at lines 1786--1786
[]|\TU/lmr/m/n/10 10.1117/12.2643564.6314793833112|  
 []


Overfull \hbox (52.47742pt too wide) in paragraph at lines 1786--1789
\TU/lmr/m/n/10 10.1117/12.2643564.6314793833112 
 []


Overfull \hbox (4.14743pt too wide) in paragraph at lines 1790--1793
\TU/lmr/m/n/10 10.25148/etd.fidc009555 
 []


Overfull \hbox (113.04742pt too wide) in paragraph at lines 1804--1806
\TU/lmr/m/n/10 10.70675/f938eaabz37fcz4483zba85z57f0849e7747 
 []


Overfull \hbox (16.91742pt too wide) in paragraph at lines 1807--1809
\TU/lmr/m/n/10 10.5220/0012687400003702 
 []


Overfull \hbox (8.65742pt too wide) in paragraph at lines 1813--1816
\TU/lmr/m/n/10 10.3329/dujs.v64i2.54490 
 []


Overfull \hbox (36.77742pt too wide) in paragraph at lines 1818--1820
\TU/lmr/m/n/10 10.1109/tsp.2025.3546574/mm1 
 []


Overfull \hbox (32.31741pt too wide) in paragraph at lines 1821--1824
\TU/lmr/m/n/10 10.36227/techrxiv.19350536.v1 
 []


Overfull \hbox (82.31741pt too wide) in paragraph at lines 1825--1828
\TU/lmr/m/n/10 10.36227/techrxiv.176162233.33076025/v1 
 []


Overfull \hbox (20.00743pt too wide) in paragraph at lines 1829--1832
\TU/lmr/m/n/10 10.36227/techrxiv.19350536 
 []


Overfull \hbox (27.38742pt too wide) in paragraph at lines 1833--1833
[]|\TU/lmr/m/n/10 10.1117/12.3028105.e628af96- 
 []


Overfull \hbox (26.88742pt too wide) in paragraph at lines 1833--1836
\TU/lmr/m/n/10 10.1117/12.3028105.e628af96- 
 []


Overfull \hbox (47.62743pt too wide) in paragraph at lines 1837--1840
\TU/lmr/m/n/10 10.32614/cran.package.bigsurvsgd 
 []


Overfull \hbox (43.07742pt too wide) in paragraph at lines 1841--1843
\TU/lmr/m/n/10 10.1109/wsc60868.2023.10408023 
 []


Overfull \hbox (16.16742pt too wide) in paragraph at lines 1864--1867
\TU/lmr/m/n/10 10.5220/0011795500003411 
 []


Overfull \hbox (53.22742pt too wide) in paragraph at lines 1875--1875
[]|\TU/lmr/m/n/10 10.1117/12.2599744.6269411057001|  
 []


Overfull \hbox (51.72742pt too wide) in paragraph at lines 1875--1878
\TU/lmr/m/n/10 10.1117/12.2599744.6269411057001 
 []


Overfull \hbox (119.92741pt too wide) in paragraph at lines 1880--1882
\TU/lmr/m/n/10 10.70675/674d4873zb009z425cz9c8ezb792c820253d 
 []


Overfull \hbox (19.69742pt too wide) in paragraph at lines 1889--1892
\TU/lmr/m/n/10 10.1017/9781108860604.006 
 []


Overfull \hbox (38.42741pt too wide) in paragraph at lines 1905--1908
\TU/lmr/m/n/10 10.1109/icpr48806.2021.9412831 
 []


Overfull \hbox (5.11743pt too wide) in paragraph at lines 1921--1924
\TU/lmr/m/n/10 10.15607/rss.2015.xi.002 
 []


Overfull \hbox (48.94742pt too wide) in paragraph at lines 1943--1946
\TU/lmr/m/n/10 10.1109/tpami.2025.3610169/mm1 
 []


Overfull \hbox (11.91742pt too wide) in paragraph at lines 1963--1966
\TU/lmr/m/n/10 10.3788/col202018.101403 
 []


Overfull \hbox (9.69742pt too wide) in paragraph at lines 1984--1986
\TU/lmr/m/n/10 10.1145/3411408.3411436 
 []


Overfull \hbox (27.74742pt too wide) in paragraph at lines 1991--1993
\TU/lmr/m/n/10 10.53759/7669/jmc202404032 
 []


Overfull \hbox (53.22742pt too wide) in paragraph at lines 1997--1997
[]|\TU/lmr/m/n/10 10.1117/12.2525953.6062680904001|  
 []


Overfull \hbox (51.72742pt too wide) in paragraph at lines 1997--2000
\TU/lmr/m/n/10 10.1117/12.2525953.6062680904001 
 []


Overfull \hbox (16.87741pt too wide) in paragraph at lines 2012--2014
\TU/lmr/m/n/10 10.1016/j.asoc.2021.107084 
 []


Overfull \hbox (16.10742pt too wide) in paragraph at lines 2015--2018
\TU/lmr/m/n/10 10.23919/acc.2017.7963007 
 []


Overfull \hbox (35.86742pt too wide) in paragraph at lines 2019--2022
\TU/lmr/m/n/10 10.1109/isit44484.2020.9174363 
 []


Overfull \hbox (16.35742pt too wide) in paragraph at lines 2023--2025
\TU/lmr/m/n/10 10.23919/acc.2019.8814666 
 []


Overfull \hbox (29.06743pt too wide) in paragraph at lines 2026--2026
[]|\TU/lmr/m/n/10 10.1117/12.3026153.0df877b5- 
 []


Overfull \hbox (28.56743pt too wide) in paragraph at lines 2026--2029
\TU/lmr/m/n/10 10.1117/12.3026153.0df877b5- 
 []


Overfull \hbox (12.57742pt too wide) in paragraph at lines 2043--2045
\TU/lmr/m/n/10 10.1109/ssci.2016.7849933 
 []


Overfull \hbox (36.77742pt too wide) in paragraph at lines 2054--2057
\TU/lmr/m/n/10 10.1109/tsp.2023.3297053/mm1 
 []


Overfull \hbox (4.42743pt too wide) in paragraph at lines 2058--2060
\TU/lmr/m/n/10 10.1109/mlhpc.2016.010 
 []


Overfull \hbox (15.29742pt too wide) in paragraph at lines 2068--2070
\TU/lmr/m/n/10 10.21437/interspeech.2019- 
 []


Overfull \hbox (15.79742pt too wide) in paragraph at lines 2071--2074
\TU/lmr/m/n/10 10.23919/ecc.2019.8796130 
 []


Overfull \hbox (13.61743pt too wide) in paragraph at lines 2075--2077
\TU/lmr/m/n/10 10.1109/icra.2014.6907482 
 []


Overfull \hbox (14.75743pt too wide) in paragraph at lines 2081--2083
\TU/lmr/m/n/10 10.1016/j.asoc.2018.09.038 
 []


Overfull \hbox (14.13742pt too wide) in paragraph at lines 2091--2093
\TU/lmr/m/n/10 10.1109/icca.2009.5410612 
 []


Overfull \hbox (19.69742pt too wide) in paragraph at lines 2094--2096
\TU/lmr/m/n/10 10.1017/9781009509435.009 
 []


Overfull \hbox (36.35742pt too wide) in paragraph at lines 2097--2100
\TU/lmr/m/n/10 10.1109/cac53003.2021.9727635 
 []


Overfull \hbox (24.41742pt too wide) in paragraph at lines 2101--2104
\TU/lmr/m/n/10 10.1016/j.sigpro.2020.107494 
 []


Overfull \hbox (1.35742pt too wide) in paragraph at lines 2106--2108
\TU/lmr/m/n/10 10.1162/neco_a_01668 
 []


ignored: Infinite glue shrinkage found in box being split [25]
ignored: Infinite glue shrinkage fo
und in box being split [26]
ignored: Infinite glue shrinkage found in box being split [27
]
ignored: Infinite glue shrinkage found in box being split [28]
ignored: Infinite glue shrinkage f
ound in box being split [29]
ignored: Infinite glue shrinkage found in box being split [3
0]
ignored: Infinite glue shrinkage found in box being split [31]
ignored: Infinite glue shrinkage 
found in box being split [32]
ignored: Infinite glue shrinkage found in box being split [
33]
ignored: Infinite glue shrinkage found in box being split [34]
Overfull \hbox (3.82742pt too wide) in paragraph at lines 2140--2142
\TU/lmr/m/n/10 10.1201/9781315382548- 
 []


Overfull \hbox (3.82742pt too wide) in paragraph at lines 2143--2145
\TU/lmr/m/n/10 10.1201/9780429031854- 
 []


Overfull \hbox (3.82742pt too wide) in paragraph at lines 2146--2148
\TU/lmr/m/n/10 10.1201/9781315382548- 
 []


Overfull \hbox (3.82742pt too wide) in paragraph at lines 2149--2151
\TU/lmr/m/n/10 10.1201/9780429031854- 
 []


Overfull \hbox (3.82742pt too wide) in paragraph at lines 2152--2154
\TU/lmr/m/n/10 10.1201/9781315373461- 
 []


Overfull \hbox (3.82742pt too wide) in paragraph at lines 2155--2157
\TU/lmr/m/n/10 10.1201/9781315373461- 
 []


Overfull \hbox (65.85742pt too wide) in paragraph at lines 2157--2160
\TU/lmr/m/n/10 10.1093/hesc/9780192896599.003.0019 
 []


Overfull \hbox (0.82742pt too wide) in paragraph at lines 2163--2166
\TU/lmr/m/n/10 10.2307/j.ctvpb3xkg.16 
 []


Overfull \hbox (3.82742pt too wide) in paragraph at lines 2167--2169
\TU/lmr/m/n/10 10.1201/9781315373461- 
 []


Overfull \hbox (3.82742pt too wide) in paragraph at lines 2170--2172
\TU/lmr/m/n/10 10.1201/9781315373461- 
 []


Overfull \hbox (3.82742pt too wide) in paragraph at lines 2172--2175
\TU/lmr/m/n/10 10.1525/9780520969230- 
 []


Overfull \hbox (3.82742pt too wide) in paragraph at lines 2176--2178
\TU/lmr/m/n/10 10.1201/9781315373461- 
 []


Overfull \hbox (57.91742pt too wide) in paragraph at lines 2185--2187
\TU/lmr/m/n/10 10.12688/f1000research.channels.908 
 []


Overfull \hbox (3.82742pt too wide) in paragraph at lines 2192--2194
\TU/lmr/m/n/10 10.1201/9781315373461- 
 []


Overfull \hbox (38.03741pt too wide) in paragraph at lines 2198--2200
\TU/lmr/m/n/10 10.32614/cran.package.pewdata 
 []


Overfull \hbox (42.93741pt too wide) in paragraph at lines 2201--2203
\TU/lmr/m/n/10 10.22541/au.151460905.57485984 
 []


Overfull \hbox (61.31741pt too wide) in paragraph at lines 2209--2212
\TU/lmr/m/n/10 10.1093/oso/9780198798170.003.0004 
 []


Overfull \hbox (3.82742pt too wide) in paragraph at lines 2228--2230
\TU/lmr/m/n/10 10.1525/9780520967779- 
 []


Overfull \hbox (1.81741pt too wide) in paragraph at lines 2231--2233
\TU/lmr/m/n/10 10.1201/9780429031854 
 []


Overfull \hbox (22.84743pt too wide) in paragraph at lines 2237--2239
\TU/lmr/m/n/10 10.15200/winn.146397.78741 
 []


Overfull \hbox (1.91742pt too wide) in paragraph at lines 2240--2242
\TU/lmr/m/n/10 10.1201/9781315382548 
 []


Overfull \hbox (40.16742pt too wide) in paragraph at lines 2243--2245
\TU/lmr/m/n/10 10.7490/f1000research.1112876.1 
 []


Overfull \hbox (3.82742pt too wide) in paragraph at lines 2252--2254
\TU/lmr/m/n/10 10.1525/9780520967779- 
 []


Overfull \hbox (40.16742pt too wide) in paragraph at lines 2257--2259
\TU/lmr/m/n/10 10.7490/f1000research.1115901.1 
 []


Overfull \hbox (10.12743pt too wide) in paragraph at lines 2260--2262
\TU/lmr/m/n/10 10.31235/osf.io/yx7af_v1 
 []


Overfull \hbox (31.91742pt too wide) in paragraph at lines 2263--2265
\TU/lmr/m/n/10 10.4135/9781526421036926480 
 []


Overfull \hbox (1.66742pt too wide) in paragraph at lines 2280--2282
\TU/lmr/m/n/10 10.4135/9781036230647 
 []


Overfull \hbox (18.30742pt too wide) in paragraph at lines 2292--2294
\TU/lmr/m/n/10 10.21428/1192f2f8.fb1a1b7f 
 []


Overfull \hbox (1.16742pt too wide) in paragraph at lines 2297--2299
\TU/lmr/m/n/10 10.1201/9781315373461 
 []


Overfull \hbox (57.56741pt too wide) in paragraph at lines 2300--2302
\TU/lmr/m/n/10 10.22541/au.169627960.06669688/v1 
 []


Overfull \hbox (3.82742pt too wide) in paragraph at lines 2312--2315
\TU/lmr/m/n/10 10.1525/9780520967779- 
 []


Overfull \hbox (3.82742pt too wide) in paragraph at lines 2318--2321
\TU/lmr/m/n/10 10.1201/9780429031854- 
 []


Overfull \hbox (26.09743pt too wide) in paragraph at lines 2322--2324
\TU/lmr/m/n/10 10.61700/pdeaaefq62n681556 
 []


Overfull \hbox (40.16742pt too wide) in paragraph at lines 2328--2331
\TU/lmr/m/n/10 10.7490/f1000research.1113332.1 
 []


Overfull \hbox (3.82742pt too wide) in paragraph at lines 2331--2334
\TU/lmr/m/n/10 10.1201/9781315382548- 
 []


Overfull \hbox (108.81741pt too wide) in paragraph at lines 2337--2340
\TU/lmr/m/n/10 10.70675/d17fee18z3990z46f0z8820zb7fa496e2ffc 
 []


Overfull \hbox (3.82742pt too wide) in paragraph at lines 2344--2346
\TU/lmr/m/n/10 10.1525/9780520967779- 
 []


Overfull \hbox (41.17741pt too wide) in paragraph at lines 2347--2349
\TU/lmr/m/n/10 10.32614/cran.package.icpsrdata 
 []


Overfull \hbox (11.69742pt too wide) in paragraph at lines 2350--2353
\TU/lmr/m/n/10 10.7554/elife.108089.2.sa3 
 []


Overfull \hbox (10.94742pt too wide) in paragraph at lines 2355--2357
\TU/lmr/m/n/10 10.7554/elife.108089.1.sa1 
 []


Overfull \hbox (1.91742pt too wide) in paragraph at lines 2358--2360
\TU/lmr/m/n/10 10.4135/9781036216696 
 []


Overfull \hbox (11.69742pt too wide) in paragraph at lines 2374--2377
\TU/lmr/m/n/10 10.7554/elife.108089.1.sa2 
 []


Overfull \hbox (10.94742pt too wide) in paragraph at lines 2389--2391
\TU/lmr/m/n/10 10.7554/elife.108089.2.sa1 
 []


Overfull \hbox (11.69742pt too wide) in paragraph at lines 2393--2395
\TU/lmr/m/n/10 10.7554/elife.108089.1.sa0 
 []


Overfull \hbox (3.82742pt too wide) in paragraph at lines 2395--2398
\TU/lmr/m/n/10 10.1201/9780429275067- 
 []


Overfull \hbox (3.82742pt too wide) in paragraph at lines 2407--2410
\TU/lmr/m/n/10 10.1201/9781003226642- 
 []


Overfull \hbox (11.69742pt too wide) in paragraph at lines 2412--2414
\TU/lmr/m/n/10 10.7554/elife.108089.2.sa2 
 []


Overfull \hbox (82.31741pt too wide) in paragraph at lines 2421--2424
\TU/lmr/m/n/10 10.36227/techrxiv.175617187.78775647/v1 
 []


Overfull \hbox (40.16742pt too wide) in paragraph at lines 2425--2428
\TU/lmr/m/n/10 10.7490/f1000research.1110170.1 
 []


Overfull \hbox (3.82742pt too wide) in paragraph at lines 2440--2442
\TU/lmr/m/n/10 10.1525/9780520969230- 
 []


Overfull \hbox (3.82742pt too wide) in paragraph at lines 2443--2446
\TU/lmr/m/n/10 10.1525/9780520967779- 
 []


ignored: Infinite glue shrinkage found in box being split [35]
ignored: Infinite glue shrinkage fo
und in box being split [36]
ignored: Infinite glue shrinkage found in box being split [37
]
ignored: Infinite glue shrinkage found in box being split [38]
ignored: Infinite glue shrinkage f
ound in box being split [39]
ignored: Infinite glue shrinkage found in box being split [4
0]
ignored: Infinite glue shrinkage found in box being split [41] [42] [43] (./_combined_
manuscript.bbl
[44

] [45]
Missing character: There is no ★ (U+2605) in font [lmroman10-italic]:mapping=te
x-text;!
Missing character: There is no ★ (U+2605) in font [lmroman10-italic]:mapping=te
x-text;!
[46] [47] [48] [49]
Missing character: There is no О (U+041E) in font [lmroman10-italic]:mapping=te
x-text;!
Missing character: There is no п (U+043F) in font [lmroman10-italic]:mapping=te
x-text;!
Missing character: There is no т (U+0442) in font [lmroman10-italic]:mapping=te
x-text;!
Missing character: There is no и (U+0438) in font [lmroman10-italic]:mapping=te
x-text;!
Missing character: There is no ч (U+0447) in font [lmroman10-italic]:mapping=te
x-text;!
Missing character: There is no е (U+0435) in font [lmroman10-italic]:mapping=te
x-text;!
Missing character: There is no с (U+0441) in font [lmroman10-italic]:mapping=te
x-text;!
Missing character: There is no к (U+043A) in font [lmroman10-italic]:mapping=te
x-text;!
Missing character: There is no и (U+0438) in font [lmroman10-italic]:mapping=te
x-text;!
Missing character: There is no й (U+0439) in font [lmroman10-italic]:mapping=te
x-text;!
Missing character: There is no ж (U+0436) in font [lmroman10-italic]:mapping=te
x-text;!
Missing character: There is no у (U+0443) in font [lmroman10-italic]:mapping=te
x-text;!
Missing character: There is no р (U+0440) in font [lmroman10-italic]:mapping=te
x-text;!
Missing character: There is no н (U+043D) in font [lmroman10-italic]:mapping=te
x-text;!
Missing character: There is no а (U+0430) in font [lmroman10-italic]:mapping=te
x-text;!
Missing character: There is no л (U+043B) in font [lmroman10-italic]:mapping=te
x-text;!
[50]
Missing character: There is no α (U+03B1) in font [lmroman10-italic]:mapping=te
x-text;!
[51] [52]
Underfull \hbox (badness 1024) in paragraph at lines 1403--1408
[]\TU/lmr/m/n/10 Yurii Nesterov.  \TU/lmr/m/it/10 Smooth Convex Optimization\TU
/lmr/m/n/10 .  Springer International Publishing, 2018b.  ISBN
 []

[53] [54] [55]
Underfull \hbox (badness 1038) in paragraph at lines 1770--1775
[]\TU/lmr/m/n/10 Victoria Stodden.  \TU/lmr/m/it/10 Implementing Reproducible R
esearch\TU/lmr/m/n/10 .  Chapman and Hall/CRC, 2014.  ISBN
 []

[56] [57]) [58] (./_combined_manuscript.aux
Package cleveref Info: loaded `english' language definitions on input line 8.
)
 ***********
LaTeX2e <2025-11-01>
L3 programming layer <2026-01-19>
 ***********
 ) 
Here is how much of TeX's memory you used:
 26129 strings out of 468168
 490939 string characters out of 5432815
 1220675 words of memory out of 5000000
 54550 multiletter control sequences out of 15000+600000
 630218 words of font info for 73 fonts, out of 8000000 for 9000
 1348 hyphenation exceptions out of 8191
 90i,9n,114p,1017b,1145s stack positions out of 10000i,1000n,20000p,200000b,200000s

Output written on _combined_manuscript.pdf (59 pages).
