This is XeTeX, Version 3.141592653-2.6-0.999998 (TeX Live 2026) (preloaded format=xelatex)
 \write18 enabled.
entering extended mode
(./_combined_manuscript.tex
LaTeX2e <2025-11-01>
L3 programming layer <2026-01-19>
(/usr/local/texlive/2026/texmf-dist/tex/latex/base/article.cls
Document Class: article 2025/01/22 v1.4n Standard LaTeX document class
(/usr/local/texlive/2026/texmf-dist/tex/latex/base/size10.clo))
(/usr/local/texlive/2026/texmf-dist/tex/latex/xcolor/xcolor.sty
(/usr/local/texlive/2026/texmf-dist/tex/latex/graphics-cfg/color.cfg)
(/usr/local/texlive/2026/texmf-dist/tex/latex/graphics-def/xetex.def)
(/usr/local/texlive/2026/texmf-dist/tex/latex/graphics/mathcolor.ltx))
(/usr/local/texlive/2026/texmf-dist/tex/latex/amsmath/amsmath.sty
For additional information on amsmath, use the `?' option.
(/usr/local/texlive/2026/texmf-dist/tex/latex/amsmath/amstext.sty
(/usr/local/texlive/2026/texmf-dist/tex/latex/amsmath/amsgen.sty))
(/usr/local/texlive/2026/texmf-dist/tex/latex/amsmath/amsbsy.sty)
(/usr/local/texlive/2026/texmf-dist/tex/latex/amsmath/amsopn.sty))
(/usr/local/texlive/2026/texmf-dist/tex/latex/amsfonts/amssymb.sty
(/usr/local/texlive/2026/texmf-dist/tex/latex/amsfonts/amsfonts.sty))
(/usr/local/texlive/2026/texmf-dist/tex/generic/iftex/iftex.sty)
(/usr/local/texlive/2026/texmf-dist/tex/latex/unicode-math/unicode-math.sty
(/usr/local/texlive/2026/texmf-dist/tex/latex/l3kernel/expl3.sty
(/usr/local/texlive/2026/texmf-dist/tex/latex/l3backend/l3backend-xetex.def))
(/usr/local/texlive/2026/texmf-dist/tex/latex/unicode-math/unicode-math-xetex.s
ty (/usr/local/texlive/2026/texmf-dist/tex/latex/l3packages/xparse/xparse.sty)
(/usr/local/texlive/2026/texmf-dist/tex/latex/l3packages/l3keys2e/l3keys2e.sty)
 (/usr/local/texlive/2026/texmf-dist/tex/latex/fontspec/fontspec.sty
(/usr/local/texlive/2026/texmf-dist/tex/latex/fontspec/fontspec-xetex.sty
(/usr/local/texlive/2026/texmf-dist/tex/latex/base/fontenc.sty)
(/usr/local/texlive/2026/texmf-dist/tex/latex/fontspec/fontspec.cfg)))
(/usr/local/texlive/2026/texmf-dist/tex/latex/base/fix-cm.sty
(/usr/local/texlive/2026/texmf-dist/tex/latex/base/ts1enc.def))
(/usr/local/texlive/2026/texmf-dist/tex/latex/unicode-math/unicode-math-table.t
ex))) (/usr/local/texlive/2026/texmf-dist/tex/latex/upquote/upquote.sty
(/usr/local/texlive/2026/texmf-dist/tex/latex/base/textcomp.sty))
(/usr/local/texlive/2026/texmf-dist/tex/latex/microtype/microtype.sty
(/usr/local/texlive/2026/texmf-dist/tex/latex/graphics/keyval.sty)
(/usr/local/texlive/2026/texmf-dist/tex/latex/etoolbox/etoolbox.sty)
(/usr/local/texlive/2026/texmf-dist/tex/latex/microtype/microtype-xetex.def)
(/usr/local/texlive/2026/texmf-dist/tex/latex/microtype/microtype.cfg))
(/usr/local/texlive/2026/texmf-dist/tex/latex/parskip/parskip.sty
(/usr/local/texlive/2026/texmf-dist/tex/latex/kvoptions/kvoptions.sty
(/usr/local/texlive/2026/texmf-dist/tex/generic/ltxcmds/ltxcmds.sty)
(/usr/local/texlive/2026/texmf-dist/tex/latex/kvsetkeys/kvsetkeys.sty)))
(/usr/local/texlive/2026/texmf-dist/tex/latex/fancyvrb/fancyvrb.sty)
(/usr/local/texlive/2026/texmf-dist/tex/latex/tools/longtable.sty)
(/usr/local/texlive/2026/texmf-dist/tex/latex/booktabs/booktabs.sty)
(/usr/local/texlive/2026/texmf-dist/tex/latex/tools/array.sty)
(/usr/local/texlive/2026/texmf-dist/tex/latex/tools/calc.sty)
(/usr/local/texlive/2026/texmf-dist/tex/latex/footnotehyper/footnotehyper.sty)
(/usr/local/texlive/2026/texmf-dist/tex/latex/graphics/graphicx.sty
(/usr/local/texlive/2026/texmf-dist/tex/latex/graphics/graphics.sty
(/usr/local/texlive/2026/texmf-dist/tex/latex/graphics/trig.sty)
(/usr/local/texlive/2026/texmf-dist/tex/latex/graphics-cfg/graphics.cfg)))
(/usr/local/texlive/2026/texmf-dist/tex/latex/natbib/natbib.sty)
(/usr/local/texlive/2026/texmf-dist/tex/latex/caption/subcaption.sty
(/usr/local/texlive/2026/texmf-dist/tex/latex/caption/caption.sty
(/usr/local/texlive/2026/texmf-dist/tex/latex/caption/caption3.sty)
(/usr/local/texlive/2026/texmf-dist/tex/latex/caption/ltcaption.sty)))
(/usr/local/texlive/2026/texmf-dist/tex/latex/float/float.sty)
(/usr/local/texlive/2026/texmf-dist/tex/latex/bookmark/bookmark.sty
(/usr/local/texlive/2026/texmf-dist/tex/latex/hyperref/hyperref.sty
(/usr/local/texlive/2026/texmf-dist/tex/generic/kvdefinekeys/kvdefinekeys.sty)
(/usr/local/texlive/2026/texmf-dist/tex/generic/pdfescape/pdfescape.sty
(/usr/local/texlive/2026/texmf-dist/tex/generic/pdftexcmds/pdftexcmds.sty
(/usr/local/texlive/2026/texmf-dist/tex/generic/infwarerr/infwarerr.sty)))
(/usr/local/texlive/2026/texmf-dist/tex/latex/hycolor/hycolor.sty)
(/usr/local/texlive/2026/texmf-dist/tex/latex/hyperref/nameref.sty
(/usr/local/texlive/2026/texmf-dist/tex/latex/refcount/refcount.sty)
(/usr/local/texlive/2026/texmf-dist/tex/generic/gettitlestring/gettitlestring.s
ty)) (/usr/local/texlive/2026/texmf-dist/tex/generic/stringenc/stringenc.sty)
(/usr/local/texlive/2026/texmf-dist/tex/latex/hyperref/pd1enc.def)
(/usr/local/texlive/2026/texmf-dist/tex/generic/intcalc/intcalc.sty)
(/usr/local/texlive/2026/texmf-dist/tex/latex/hyperref/puenc.def)
(/usr/local/texlive/2026/texmf-dist/tex/latex/url/url.sty)
(/usr/local/texlive/2026/texmf-dist/tex/generic/bitset/bitset.sty
(/usr/local/texlive/2026/texmf-dist/tex/generic/bigintcalc/bigintcalc.sty)))
(/usr/local/texlive/2026/texmf-dist/tex/latex/hyperref/hxetex.def
(/usr/local/texlive/2026/texmf-dist/tex/latex/rerunfilecheck/rerunfilecheck.sty

(/usr/local/texlive/2026/texmf-dist/tex/generic/uniquecounter/uniquecounter.sty
))) (/usr/local/texlive/2026/texmf-dist/tex/latex/bookmark/bkm-dvipdfm.def))
(/usr/local/texlive/2026/texmf-dist/tex/latex/xurl/xurl.sty)
(/usr/local/texlive/2026/texmf-dist/tex/latex/seqsplit/seqsplit.sty)
(/usr/local/texlive/2026/texmf-dist/tex/latex/geometry/geometry.sty
(/usr/local/texlive/2026/texmf-dist/tex/generic/iftex/ifvtex.sty))
(/usr/local/texlive/2026/texmf-dist/tex/latex/cleveref/cleveref.sty)
==> First Aid for cleveref.sty applied!
(/usr/local/texlive/2026/texmf-dist/tex/latex/listings/listings.sty
(/usr/local/texlive/2026/texmf-dist/tex/latex/listings/lstpatch.sty)
(/usr/local/texlive/2026/texmf-dist/tex/latex/listings/lstmisc.sty)
(/usr/local/texlive/2026/texmf-dist/tex/latex/listings/listings.cfg))
==> First Aid for listings.sty no longer applied!
    Expected:
        2024/09/23 1.10c (Carsten Heinz)
    but found:
        2025/11/14 1.11b (Carsten Heinz)
    so I'm assuming it got fixed.
(./_combined_manuscript.aux)
(/usr/local/texlive/2026/texmf-dist/tex/latex/microtype/mt-LatinModernRoman.cfg
)
*geometry* driver: auto-detecting
*geometry* detected driver: xetex
[1] (./_combined_manuscript.toc
(/usr/local/texlive/2026/texmf-dist/tex/latex/amsfonts/umsa.fd)
(/usr/local/texlive/2026/texmf-dist/tex/latex/microtype/mt-msa.cfg)
(/usr/local/texlive/2026/texmf-dist/tex/latex/amsfonts/umsb.fd)
(/usr/local/texlive/2026/texmf-dist/tex/latex/microtype/mt-msb.cfg)) [1]
[2] [3]
Underfull \hbox (badness 1533) in paragraph at lines 431--436
[]\TU/lmtt/m/n/10 AbstractFetcher \TU/lmr/m/n/10 — currently fetches arXiv abst
racts via the export API, writes them to
[4] [5] [6] [7] [8] [9] [10]

LaTeX Warning: Float too large for page by 579.95998pt on input line 942.


Underfull \hbox (badness 10000) in paragraph at lines 976--979
[]\TU/lmtt/m/n/10 ../figures/{papers_per_source,year_histogram,score_distributi
on}.png \TU/lmr/m/n/10 — diagnostic
[11] [12] [13] [14] [15] [16]
Overfull \hbox (18.49498pt too wide) in paragraph at lines 1374--1374
[]    \TU/lmtt/m/n/10 SEARCH --> CLIENT["LiteratureClient<br/>aggregates arxiv 
· crossref · local · paperclip"][] 
[17] [18] [19] [20]
Overfull \hbox (34.97742pt too wide) in paragraph at lines 1600--1603
\TU/lmr/m/n/10 10.1017/cbo9780511804441.005 

Overfull \hbox (34.87741pt too wide) in paragraph at lines 1603--1606
\TU/lmr/m/n/10 10.1017/cbo9780511804441.004 

Overfull \hbox (19.69742pt too wide) in paragraph at lines 1609--1612
\TU/lmr/m/n/10 10.1017/9781108699211.006 

Overfull \hbox (18.66742pt too wide) in paragraph at lines 1612--1615
\TU/lmr/m/n/10 10.1561/9781638280538.ch1 

Overfull \hbox (19.69742pt too wide) in paragraph at lines 1616--1618
\TU/lmr/m/n/10 10.1017/9781108699211.015 

Overfull \hbox (34.97742pt too wide) in paragraph at lines 1627--1630
\TU/lmr/m/n/10 10.1017/cbo9780511804441.003 

Overfull \hbox (19.44742pt too wide) in paragraph at lines 1639--1642
\TU/lmr/m/n/10 10.1515/9783110361629.117 

Overfull \hbox (19.69742pt too wide) in paragraph at lines 1666--1669
\TU/lmr/m/n/10 10.1017/9781009510561.012 

Overfull \hbox (21.91742pt too wide) in paragraph at lines 1675--1678
\TU/lmr/m/n/10 10.1080/02331930500096270 

Overfull \hbox (18.94742pt too wide) in paragraph at lines 1679--1681
\TU/lmr/m/n/10 10.1017/9781009510561.021 

Overfull \hbox (34.97742pt too wide) in paragraph at lines 1687--1689
\TU/lmr/m/n/10 10.1017/cbo9780511804458.002 

Overfull \hbox (3.82742pt too wide) in paragraph at lines 1695--1698
\TU/lmr/m/n/10 10.1515/9780691200316- 

Overfull \hbox (14.69742pt too wide) in paragraph at lines 1701--1704
\TU/lmr/m/n/10 10.1515/9783110361629.30 

Overfull \hbox (19.69742pt too wide) in paragraph at lines 1704--1707
\TU/lmr/m/n/10 10.1017/9781108980647.012 

Overfull \hbox (3.82742pt too wide) in paragraph at lines 1707--1710
\TU/lmr/m/n/10 10.1201/9781315366920- 

Overfull \hbox (34.97742pt too wide) in paragraph at lines 1716--1719
\TU/lmr/m/n/10 10.1017/cbo9780511804441.002 

Overfull \hbox (19.59741pt too wide) in paragraph at lines 1720--1722
\TU/lmr/m/n/10 10.1017/9781009510561.024 

Overfull \hbox (34.22742pt too wide) in paragraph at lines 1731--1734
\TU/lmr/m/n/10 10.1017/cbo9780511804441.001 

Overfull \hbox (19.69742pt too wide) in paragraph at lines 1735--1737
\TU/lmr/m/n/10 10.1017/9781108377447.033 

Overfull \hbox (19.69742pt too wide) in paragraph at lines 1740--1743
\TU/lmr/m/n/10 10.1017/9781009510561.003 

Overfull \hbox (19.41742pt too wide) in paragraph at lines 1743--1746
\TU/lmr/m/n/10 10.1002/9781119804093.ch2 

Overfull \hbox (19.41742pt too wide) in paragraph at lines 1746--1749
\TU/lmr/m/n/10 10.1002/9781119804093.ch3 

Overfull \hbox (19.69742pt too wide) in paragraph at lines 1750--1752
\TU/lmr/m/n/10 10.1017/9781009510561.013 

Overfull \hbox (34.97742pt too wide) in paragraph at lines 1756--1759
\TU/lmr/m/n/10 10.1017/cbo9780511804441.016 

Overfull \hbox (21.91742pt too wide) in paragraph at lines 1764--1766
\TU/lmr/m/n/10 10.1080/02331939908844436 

Overfull \hbox (19.69742pt too wide) in paragraph at lines 1770--1772
\TU/lmr/m/n/10 10.1017/9781009510561.020 

Overfull \hbox (19.69742pt too wide) in paragraph at lines 1776--1778
\TU/lmr/m/n/10 10.1017/9781009510561.015 

Overfull \hbox (19.69742pt too wide) in paragraph at lines 1779--1781
\TU/lmr/m/n/10 10.1017/9781009510561.023 

Overfull \hbox (23.89743pt too wide) in paragraph at lines 1782--1784
\TU/lmr/m/n/10 ton/9780691197296.001.0001 

Overfull \hbox (9.69742pt too wide) in paragraph at lines 1789--1791
\TU/lmr/m/n/10 10.1023/a:1021792726715 

Overfull \hbox (34.97742pt too wide) in paragraph at lines 1794--1797
\TU/lmr/m/n/10 10.1017/cbo9780511804441.010 

Overfull \hbox (22.07742pt too wide) in paragraph at lines 1798--1801
\TU/lmr/m/n/10 10.1016/j.disopt.2014.12.001 

Overfull \hbox (34.97742pt too wide) in paragraph at lines 1804--1807
\TU/lmr/m/n/10 10.1017/cbo9780511804441.009 

Overfull \hbox (34.97742pt too wide) in paragraph at lines 1807--1810
\TU/lmr/m/n/10 10.1017/cbo9780511804441.008 

Overfull \hbox (19.69742pt too wide) in paragraph at lines 1811--1813
\TU/lmr/m/n/10 10.1017/9781009510561.025 

Overfull \hbox (9.69742pt too wide) in paragraph at lines 1814--1816
\TU/lmr/m/n/10 10.1023/a:1017532225395 

Overfull \hbox (34.97742pt too wide) in paragraph at lines 1816--1819
\TU/lmr/m/n/10 10.1017/cbo9780511804441.013 

Overfull \hbox (19.69742pt too wide) in paragraph at lines 1820--1822
\TU/lmr/m/n/10 10.1017/9781009510561.009 

Overfull \hbox (19.69742pt too wide) in paragraph at lines 1822--1825
\TU/lmr/m/n/10 10.1017/9781009493512.006 

Overfull \hbox (21.91742pt too wide) in paragraph at lines 1826--1828
\TU/lmr/m/n/10 10.1080/02331939208843789 

Overfull \hbox (34.97742pt too wide) in paragraph at lines 1829--1831
\TU/lmr/m/n/10 10.1017/cbo9780511804458.010 

Overfull \hbox (19.31741pt too wide) in paragraph at lines 1832--1834
\TU/lmr/m/n/10 10.1002/9781119804093.ch4 

Overfull \hbox (18.94742pt too wide) in paragraph at lines 1834--1837
\TU/lmr/m/n/10 10.1017/9781009428095.021 

Overfull \hbox (61.41742pt too wide) in paragraph at lines 1840--1843
\TU/lmr/m/n/10 10.1093/oso/9780195100563.003.0006 

Overfull \hbox (9.59741pt too wide) in paragraph at lines 1843--1846
\TU/lmr/m/n/10 10.2478/9783110426045.4 

Overfull \hbox (34.22742pt too wide) in paragraph at lines 1860--1862
\TU/lmr/m/n/10 10.1017/cbo9780511804441.011 

Overfull \hbox (34.72742pt too wide) in paragraph at lines 1862--1865
\TU/lmr/m/n/10 10.1017/cbo9780511804441.007 

Overfull \hbox (34.97742pt too wide) in paragraph at lines 1868--1871
\TU/lmr/m/n/10 10.1017/cbo9780511804441.006 

Overfull \hbox (34.97742pt too wide) in paragraph at lines 1871--1874
\TU/lmr/m/n/10 10.1017/cbo9781139924672.002 

Overfull \hbox (37.47742pt too wide) in paragraph at lines 1876--1878
\TU/lmr/m/n/10 10.1080/02331934.2024.2388200 

Overfull \hbox (34.97742pt too wide) in paragraph at lines 1881--1884
\TU/lmr/m/n/10 10.1017/cbo9781139924672.003 

Overfull \hbox (34.22742pt too wide) in paragraph at lines 1887--1889
\TU/lmr/m/n/10 10.1017/cbo9781139924672.001 

Overfull \hbox (34.72742pt too wide) in paragraph at lines 1900--1903
\TU/lmr/m/n/10 10.1017/cbo9781139924672.007 
 [21] [22] [23] [24] [25] [26]
Overfull \hbox (40.16742pt too wide) in paragraph at lines 1936--1939
\TU/lmr/m/n/10 10.7490/f1000research.1115776.1 

Overfull \hbox (41.14742pt too wide) in paragraph at lines 1942--1945
\TU/lmr/m/n/10 10.32614/cran.package.coxphsgd 

Overfull \hbox (34.97742pt too wide) in paragraph at lines 1954--1957
\TU/lmr/m/n/10 10.1017/cbo9781107298019.015 

Overfull \hbox (53.22742pt too wide) in paragraph at lines 1958--1958
[]|\TU/lmr/m/n/10 10.1117/12.2305101.5783306294001|  

Overfull \hbox (51.72742pt too wide) in paragraph at lines 1958--1961
\TU/lmr/m/n/10 10.1117/12.2305101.5783306294001 

Overfull \hbox (53.22742pt too wide) in paragraph at lines 1962--1962
[]|\TU/lmr/m/n/10 10.1117/12.2512817.6013939792001|  

Overfull \hbox (51.72742pt too wide) in paragraph at lines 1962--1965
\TU/lmr/m/n/10 10.1117/12.2512817.6013939792001 

Overfull \hbox (53.22742pt too wide) in paragraph at lines 1969--1969
[]|\TU/lmr/m/n/10 10.1117/12.2643564.6314793833112|  

Overfull \hbox (52.47742pt too wide) in paragraph at lines 1969--1972
\TU/lmr/m/n/10 10.1117/12.2643564.6314793833112 

Overfull \hbox (4.14743pt too wide) in paragraph at lines 1973--1976
\TU/lmr/m/n/10 10.25148/etd.fidc009555 

Overfull \hbox (16.91742pt too wide) in paragraph at lines 1989--1991
\TU/lmr/m/n/10 10.5220/0012687400003702 

Overfull \hbox (113.04742pt too wide) in paragraph at lines 1993--1995
\TU/lmr/m/n/10 10.70675/f938eaabz37fcz4483zba85z57f0849e7747 

Overfull \hbox (8.65742pt too wide) in paragraph at lines 1996--1999
\TU/lmr/m/n/10 10.3329/dujs.v64i2.54490 

Overfull \hbox (32.31741pt too wide) in paragraph at lines 2000--2003
\TU/lmr/m/n/10 10.36227/techrxiv.19350536.v1 

Overfull \hbox (36.77742pt too wide) in paragraph at lines 2005--2007
\TU/lmr/m/n/10 10.1109/tsp.2025.3546574/mm1 

Overfull \hbox (20.00743pt too wide) in paragraph at lines 2008--2011
\TU/lmr/m/n/10 10.36227/techrxiv.19350536 

Overfull \hbox (82.31741pt too wide) in paragraph at lines 2012--2015
\TU/lmr/m/n/10 10.36227/techrxiv.176162233.33076025/v1 

Overfull \hbox (27.38742pt too wide) in paragraph at lines 2016--2016
[]|\TU/lmr/m/n/10 10.1117/12.3028105.e628af96- 

Overfull \hbox (26.88742pt too wide) in paragraph at lines 2016--2019
\TU/lmr/m/n/10 10.1117/12.3028105.e628af96- 

Overfull \hbox (43.07742pt too wide) in paragraph at lines 2020--2022
\TU/lmr/m/n/10 10.1109/wsc60868.2023.10408023 

Overfull \hbox (47.62743pt too wide) in paragraph at lines 2023--2026
\TU/lmr/m/n/10 10.32614/cran.package.bigsurvsgd 

Overfull \hbox (16.16742pt too wide) in paragraph at lines 2046--2049
\TU/lmr/m/n/10 10.5220/0011795500003411 

Overfull \hbox (53.22742pt too wide) in paragraph at lines 2050--2050
[]|\TU/lmr/m/n/10 10.1117/12.2599744.6269411057001|  

Overfull \hbox (51.72742pt too wide) in paragraph at lines 2050--2053
\TU/lmr/m/n/10 10.1117/12.2599744.6269411057001 

Overfull \hbox (119.92741pt too wide) in paragraph at lines 2059--2061
\TU/lmr/m/n/10 10.70675/674d4873zb009z425cz9c8ezb792c820253d 

Overfull \hbox (19.69742pt too wide) in paragraph at lines 2068--2071
\TU/lmr/m/n/10 10.1017/9781108860604.006 

Overfull \hbox (38.42741pt too wide) in paragraph at lines 2087--2090
\TU/lmr/m/n/10 10.1109/icpr48806.2021.9412831 

Overfull \hbox (5.11743pt too wide) in paragraph at lines 2091--2094
\TU/lmr/m/n/10 10.15607/rss.2015.xi.002 

Overfull \hbox (48.94742pt too wide) in paragraph at lines 2123--2126
\TU/lmr/m/n/10 10.1109/tpami.2025.3610169/mm1 

Overfull \hbox (11.91742pt too wide) in paragraph at lines 2134--2137
\TU/lmr/m/n/10 10.3788/col202018.101403 

Overfull \hbox (9.69742pt too wide) in paragraph at lines 2150--2152
\TU/lmr/m/n/10 10.1145/3411408.3411436 

Overfull \hbox (27.74742pt too wide) in paragraph at lines 2165--2167
\TU/lmr/m/n/10 10.53759/7669/jmc202404032 

Overfull \hbox (53.22742pt too wide) in paragraph at lines 2168--2168
[]|\TU/lmr/m/n/10 10.1117/12.2525953.6062680904001|  

Overfull \hbox (51.72742pt too wide) in paragraph at lines 2168--2171
\TU/lmr/m/n/10 10.1117/12.2525953.6062680904001 

Overfull \hbox (16.87741pt too wide) in paragraph at lines 2185--2187
\TU/lmr/m/n/10 10.1016/j.asoc.2021.107084 

Overfull \hbox (16.10742pt too wide) in paragraph at lines 2188--2191
\TU/lmr/m/n/10 10.23919/acc.2017.7963007 

Overfull \hbox (35.86742pt too wide) in paragraph at lines 2196--2199
\TU/lmr/m/n/10 10.1109/isit44484.2020.9174363 

Overfull \hbox (16.35742pt too wide) in paragraph at lines 2200--2202
\TU/lmr/m/n/10 10.23919/acc.2019.8814666 

Overfull \hbox (29.06743pt too wide) in paragraph at lines 2203--2203
[]|\TU/lmr/m/n/10 10.1117/12.3026153.0df877b5- 

Overfull \hbox (28.56743pt too wide) in paragraph at lines 2203--2206
\TU/lmr/m/n/10 10.1117/12.3026153.0df877b5- 

Overfull \hbox (12.57742pt too wide) in paragraph at lines 2210--2212
\TU/lmr/m/n/10 10.1109/ssci.2016.7849933 

Overfull \hbox (4.42743pt too wide) in paragraph at lines 2221--2223
\TU/lmr/m/n/10 10.1109/mlhpc.2016.010 

Overfull \hbox (14.13742pt too wide) in paragraph at lines 2224--2226
\TU/lmr/m/n/10 10.1109/icca.2009.5410612 

Overfull \hbox (15.29742pt too wide) in paragraph at lines 2234--2236
\TU/lmr/m/n/10 10.21437/interspeech.2019- 

Overfull \hbox (15.79742pt too wide) in paragraph at lines 2237--2240
\TU/lmr/m/n/10 10.23919/ecc.2019.8796130 

Overfull \hbox (14.75743pt too wide) in paragraph at lines 2241--2243
\TU/lmr/m/n/10 10.1016/j.asoc.2018.09.038 

Overfull \hbox (36.77742pt too wide) in paragraph at lines 2248--2251
\TU/lmr/m/n/10 10.1109/tsp.2023.3297053/mm1 

Overfull \hbox (19.69742pt too wide) in paragraph at lines 2252--2254
\TU/lmr/m/n/10 10.1017/9781009509435.009 

Overfull \hbox (36.35742pt too wide) in paragraph at lines 2255--2258
\TU/lmr/m/n/10 10.1109/cac53003.2021.9727635 

Overfull \hbox (1.35742pt too wide) in paragraph at lines 2267--2269
\TU/lmr/m/n/10 10.1162/neco_a_01668 

Overfull \hbox (24.41742pt too wide) in paragraph at lines 2273--2276
\TU/lmr/m/n/10 10.1016/j.sigpro.2020.107494 

Overfull \hbox (13.61743pt too wide) in paragraph at lines 2280--2282
\TU/lmr/m/n/10 10.1109/icra.2014.6907482 

Overfull \hbox (23.94742pt too wide) in paragraph at lines 2286--2289
\TU/lmr/m/n/10 10.1109/cai59869.2024.00241 
 [27] [28] [29] [30] [31] [32] [33] [34] [35] [36]
Overfull \hbox (3.82742pt too wide) in paragraph at lines 2322--2324
\TU/lmr/m/n/10 10.1201/9781315382548- 

Overfull \hbox (3.82742pt too wide) in paragraph at lines 2325--2327
\TU/lmr/m/n/10 10.1201/9780429031854- 

Overfull \hbox (3.82742pt too wide) in paragraph at lines 2328--2330
\TU/lmr/m/n/10 10.1201/9780429031854- 

Overfull \hbox (3.82742pt too wide) in paragraph at lines 2331--2333
\TU/lmr/m/n/10 10.1201/9781315382548- 

Overfull \hbox (3.82742pt too wide) in paragraph at lines 2334--2336
\TU/lmr/m/n/10 10.1201/9781315373461- 

Overfull \hbox (3.82742pt too wide) in paragraph at lines 2337--2339
\TU/lmr/m/n/10 10.1201/9781315373461- 

Overfull \hbox (65.85742pt too wide) in paragraph at lines 2339--2342
\TU/lmr/m/n/10 10.1093/hesc/9780192896599.003.0019 

Overfull \hbox (0.82742pt too wide) in paragraph at lines 2342--2345
\TU/lmr/m/n/10 10.2307/j.ctvpb3xkg.16 

Overfull \hbox (3.82742pt too wide) in paragraph at lines 2346--2348
\TU/lmr/m/n/10 10.1201/9781315373461- 

Overfull \hbox (3.82742pt too wide) in paragraph at lines 2349--2351
\TU/lmr/m/n/10 10.1201/9781315373461- 

Overfull \hbox (3.82742pt too wide) in paragraph at lines 2351--2354
\TU/lmr/m/n/10 10.1525/9780520969230- 

Overfull \hbox (3.82742pt too wide) in paragraph at lines 2355--2357
\TU/lmr/m/n/10 10.1201/9781315373461- 

Overfull \hbox (57.91742pt too wide) in paragraph at lines 2368--2370
\TU/lmr/m/n/10 10.12688/f1000research.channels.908 

Overfull \hbox (3.82742pt too wide) in paragraph at lines 2371--2373
\TU/lmr/m/n/10 10.1201/9781315373461- 

Overfull \hbox (38.03741pt too wide) in paragraph at lines 2377--2379
\TU/lmr/m/n/10 10.32614/cran.package.pewdata 

Overfull \hbox (61.31741pt too wide) in paragraph at lines 2391--2394
\TU/lmr/m/n/10 10.1093/oso/9780198798170.003.0004 

Overfull \hbox (3.82742pt too wide) in paragraph at lines 2404--2406
\TU/lmr/m/n/10 10.1525/9780520967779- 

Overfull \hbox (1.81741pt too wide) in paragraph at lines 2407--2409
\TU/lmr/m/n/10 10.1201/9780429031854 

Overfull \hbox (1.91742pt too wide) in paragraph at lines 2413--2415
\TU/lmr/m/n/10 10.1201/9781315382548 

Overfull \hbox (42.93741pt too wide) in paragraph at lines 2422--2424
\TU/lmr/m/n/10 10.22541/au.151460905.57485984 

Overfull \hbox (40.16742pt too wide) in paragraph at lines 2425--2427
\TU/lmr/m/n/10 10.7490/f1000research.1112876.1 

Overfull \hbox (40.16742pt too wide) in paragraph at lines 2428--2430
\TU/lmr/m/n/10 10.7490/f1000research.1115901.1 

Overfull \hbox (31.91742pt too wide) in paragraph at lines 2439--2441
\TU/lmr/m/n/10 10.4135/9781526421036926480 

Overfull \hbox (3.82742pt too wide) in paragraph at lines 2442--2444
\TU/lmr/m/n/10 10.1525/9780520967779- 

Overfull \hbox (1.66742pt too wide) in paragraph at lines 2456--2458
\TU/lmr/m/n/10 10.4135/9781036230647 

Overfull \hbox (18.30742pt too wide) in paragraph at lines 2464--2466
\TU/lmr/m/n/10 10.21428/1192f2f8.fb1a1b7f 

Overfull \hbox (3.82742pt too wide) in paragraph at lines 2467--2470
\TU/lmr/m/n/10 10.1525/9780520967779- 

Overfull \hbox (26.09743pt too wide) in paragraph at lines 2471--2473
\TU/lmr/m/n/10 10.61700/pdeaaefq62n681556 

Overfull \hbox (1.16742pt too wide) in paragraph at lines 2474--2476
\TU/lmr/m/n/10 10.1201/9781315373461 

Overfull \hbox (3.82742pt too wide) in paragraph at lines 2488--2491
\TU/lmr/m/n/10 10.1201/9780429031854- 

Overfull \hbox (40.16742pt too wide) in paragraph at lines 2492--2495
\TU/lmr/m/n/10 10.7490/f1000research.1113332.1 

Overfull \hbox (57.56741pt too wide) in paragraph at lines 2496--2498
\TU/lmr/m/n/10 10.22541/au.169627960.06669688/v1 

Overfull \hbox (3.82742pt too wide) in paragraph at lines 2501--2504
\TU/lmr/m/n/10 10.1201/9781315382548- 

Overfull \hbox (3.82742pt too wide) in paragraph at lines 2507--2509
\TU/lmr/m/n/10 10.1525/9780520967779- 

Overfull \hbox (108.81741pt too wide) in paragraph at lines 2513--2516
\TU/lmr/m/n/10 10.70675/d17fee18z3990z46f0z8820zb7fa496e2ffc 

Overfull \hbox (41.17741pt too wide) in paragraph at lines 2517--2519
\TU/lmr/m/n/10 10.32614/cran.package.icpsrdata 

Overfull \hbox (10.94742pt too wide) in paragraph at lines 2521--2523
\TU/lmr/m/n/10 10.7554/elife.108089.1.sa1 

Overfull \hbox (11.69742pt too wide) in paragraph at lines 2524--2527
\TU/lmr/m/n/10 10.7554/elife.108089.1.sa2 

Overfull \hbox (1.91742pt too wide) in paragraph at lines 2531--2533
\TU/lmr/m/n/10 10.4135/9781036216696 

Overfull \hbox (11.69742pt too wide) in paragraph at lines 2550--2553
\TU/lmr/m/n/10 10.7554/elife.108089.2.sa3 

Overfull \hbox (10.94742pt too wide) in paragraph at lines 2555--2557
\TU/lmr/m/n/10 10.7554/elife.108089.2.sa1 

Overfull \hbox (11.69742pt too wide) in paragraph at lines 2562--2564
\TU/lmr/m/n/10 10.7554/elife.108089.2.sa2 

Overfull \hbox (3.82742pt too wide) in paragraph at lines 2567--2570
\TU/lmr/m/n/10 10.1201/9781003226642- 

Overfull \hbox (11.69742pt too wide) in paragraph at lines 2579--2581
\TU/lmr/m/n/10 10.7554/elife.108089.1.sa0 

Overfull \hbox (3.82742pt too wide) in paragraph at lines 2581--2584
\TU/lmr/m/n/10 10.1201/9780429275067- 

Overfull \hbox (3.82742pt too wide) in paragraph at lines 2591--2594
\TU/lmr/m/n/10 10.1525/9780520967779- 

Overfull \hbox (82.31741pt too wide) in paragraph at lines 2598--2601
\TU/lmr/m/n/10 10.36227/techrxiv.175617187.78775647/v1 

Overfull \hbox (0.72742pt too wide) in paragraph at lines 2601--2604
\TU/lmr/m/n/10 10.2307/j.ctvpb3xkg.14 

Overfull \hbox (40.16742pt too wide) in paragraph at lines 2605--2608
\TU/lmr/m/n/10 10.7490/f1000research.1110170.1 

Overfull \hbox (3.82742pt too wide) in paragraph at lines 2614--2616
\TU/lmr/m/n/10 10.1525/9780520969230- 

Overfull \hbox (3.82742pt too wide) in paragraph at lines 2616--2619
\TU/lmr/m/n/10 10.1201/9780429031854- 

Overfull \hbox (0.57742pt too wide) in paragraph at lines 2628--2631
\TU/lmr/m/n/10 10.2307/j.ctvpb3xkg.17 
 [37] [38] [39] [40] [41] [42] [43] [44] [45] (./_combined_manuscript.bbl
[46] [47]
Missing character: There is no ★ (U+2605) in font [lmroman10-italic]:mapping=te
x-text;!
Missing character: There is no ★ (U+2605) in font [lmroman10-italic]:mapping=te
x-text;!
[48] [49] [50] [51]
Missing character: There is no О (U+041E) in font [lmroman10-italic]:mapping=te
x-text;!
Missing character: There is no п (U+043F) in font [lmroman10-italic]:mapping=te
x-text;!
Missing character: There is no т (U+0442) in font [lmroman10-italic]:mapping=te
x-text;!
Missing character: There is no и (U+0438) in font [lmroman10-italic]:mapping=te
x-text;!
Missing character: There is no ч (U+0447) in font [lmroman10-italic]:mapping=te
x-text;!
Missing character: There is no е (U+0435) in font [lmroman10-italic]:mapping=te
x-text;!
Missing character: There is no с (U+0441) in font [lmroman10-italic]:mapping=te
x-text;!
Missing character: There is no к (U+043A) in font [lmroman10-italic]:mapping=te
x-text;!
Missing character: There is no и (U+0438) in font [lmroman10-italic]:mapping=te
x-text;!
Missing character: There is no й (U+0439) in font [lmroman10-italic]:mapping=te
x-text;!
Missing character: There is no ж (U+0436) in font [lmroman10-italic]:mapping=te
x-text;!
Missing character: There is no у (U+0443) in font [lmroman10-italic]:mapping=te
x-text;!
Missing character: There is no р (U+0440) in font [lmroman10-italic]:mapping=te
x-text;!
Missing character: There is no н (U+043D) in font [lmroman10-italic]:mapping=te
x-text;!
Missing character: There is no а (U+0430) in font [lmroman10-italic]:mapping=te
x-text;!
Missing character: There is no л (U+043B) in font [lmroman10-italic]:mapping=te
x-text;!
[52]
Missing character: There is no α (U+03B1) in font [lmroman10-italic]:mapping=te
x-text;!
[53] [54]
Underfull \hbox (badness 1024) in paragraph at lines 1391--1396
[]\TU/lmr/m/n/10 Yurii Nesterov.  \TU/lmr/m/it/10 Smooth Convex Optimization\TU
/lmr/m/n/10 .  Springer International Publishing, 2018b.  ISBN
[55] [56] [57]
Underfull \hbox (badness 1038) in paragraph at lines 1777--1782
[]\TU/lmr/m/n/10 Victoria Stodden.  \TU/lmr/m/it/10 Implementing Reproducible R
esearch\TU/lmr/m/n/10 .  Chapman and Hall/CRC, 2014.  ISBN
[58] [59]) [60] (./_combined_manuscript.aux) )
(see the transcript file for additional information)
Output written on _combined_manuscript.pdf (61 pages).
Transcript written on _combined_manuscript.log.
